2019-10-3109:39:59.533-INFO [StartupInfoLogger.java:50]-Starting SunWebApplication on DESKTOP-6B5D8GA with PID 21352 (started by DELL in F:\代码模板\java_template)
2019-10-3109:39:59.539-INFO [SpringApplication.java:666]-The following profiles are active: dev
2019-10-3109:40:00.605-INFO [RepositoryConfigurationDelegate.java:244]-Multiple Spring Data modules found, entering strict repository configuration mode!
2019-10-3109:40:00.608-INFO [RepositoryConfigurationDelegate.java:126]-Bootstrapping Spring Data repositories in DEFAULT mode.
2019-10-3109:40:00.649-INFO [RepositoryConfigurationDelegate.java:182]-Finished Spring Data repository scanning in 29ms. Found 0 repository interfaces.
2019-10-3109:40:00.976-INFO [PostProcessorRegistrationDelegate.java:330]-Bean 'redisConfig' of type [com.sun.web.config.RedisConfig$$EnhancerBySpringCGLIB$$46bd2781] is not eligible for getting processed by all BeanPostProcessors (for example: not eligible for auto-proxying)
2019-10-3109:40:00.983-INFO [PostProcessorRegistrationDelegate.java:330]-Bean 'org.springframework.transaction.annotation.ProxyTransactionManagementConfiguration' of type [org.springframework.transaction.annotation.ProxyTransactionManagementConfiguration$$EnhancerBySpringCGLIB$$b0ef3fc2] is not eligible for getting processed by all BeanPostProcessors (for example: not eligible for auto-proxying)
2019-10-3109:40:01.298-INFO [TomcatWebServer.java:91]-Tomcat initialized with port(s): 9999 (http)
2019-10-3109:40:01.311-INFO [DirectJDKLog.java:173]-Initializing ProtocolHandler ["http-nio-9999"]
2019-10-3109:40:01.319-INFO [DirectJDKLog.java:173]-Starting service [Tomcat]
2019-10-3109:40:01.320-INFO [DirectJDKLog.java:173]-Starting Servlet engine: [Apache Tomcat/9.0.19]
2019-10-3109:40:01.323-INFO [DirectJDKLog.java:173]-The APR based Apache Tomcat Native library which allows optimal performance in production environments was not found on the java.library.path: [C:\Program Files\Java\jdk1.8.0_101\bin;C:\WINDOWS\Sun\Java\bin;C:\WINDOWS\system32;C:\WINDOWS;D:\util\xshell6\;C:\ProgramData\Oracle\Java\javapath;C:\Program Files (x86)\Intel\iCLS Client\;C:\Program Files\Intel\iCLS Client\;C:\Windows\system32;C:\Windows;C:\Windows\System32\Wbem;C:\Windows\System32\WindowsPowerShell\v1.0\;C:\Program Files (x86)\Intel\Intel(R) Management Engine Components\DAL;C:\Program Files\Intel\Intel(R) Management Engine Components\DAL;C:\Program Files (x86)\Intel\Intel(R) Management Engine Components\IPT;C:\Program Files\Intel\Intel(R) Management Engine Components\IPT;C:\Program Files\Java\jdk1.8.0_101\bin;C:\Program Files\Java\jdk1.8.0_101\jre\bin;D:\apache-maven-3.5.4\bin;C:\WINDOWS\system32;C:\WINDOWS;C:\WINDOWS\System32\Wbem;C:\WINDOWS\System32\WindowsPowerShell\v1.0\;C:\WINDOWS\System32\OpenSSH\;D:\work\git\Git\cmd;D:\util\TorGit\bin;D:\Python;D:\util\TorSvn\bin;C:\Users\DELL\AppData\Local\Microsoft\WindowsApps;;C:\Users\DELL\AppData\Local\Microsoft\WindowsApps;D:\util\WebStorm 2019.2.2\bin;;.]
2019-10-3109:40:01.433-INFO [DirectJDKLog.java:173]-Initializing Spring embedded WebApplicationContext
2019-10-3109:40:01.434-INFO [ServletWebServerApplicationContext.java:285]-Root WebApplicationContext: initialization completed in 1815 ms
2019-10-3109:40:01.462-INFO [ServletRegistrationBean.java:187]-Servlet dispatcherServlet mapped to [/]
2019-10-3109:40:01.466-INFO [AbstractFilterRegistrationBean.java:245]-Mapping filter: 'characterEncodingFilter' to: [/*]
2019-10-3109:40:01.466-INFO [AbstractFilterRegistrationBean.java:245]-Mapping filter: 'hiddenHttpMethodFilter' to: [/*]
2019-10-3109:40:01.466-INFO [AbstractFilterRegistrationBean.java:245]-Mapping filter: 'httpPutFormContentFilter' to: [/*]
2019-10-3109:40:01.467-INFO [AbstractFilterRegistrationBean.java:245]-Mapping filter: 'requestContextFilter' to: [/*]
2019-10-3109:40:02.842-INFO [WelcomePageHandlerMapping.java:61]-Adding welcome page template: index
2019-10-3109:40:03.093-INFO [DocumentationPluginsBootstrapper.java:120]-Context refreshed
2019-10-3109:40:03.138-INFO [DocumentationPluginsBootstrapper.java:123]-Found 1 custom documentation plugin(s)
2019-10-3109:40:03.149-INFO [ApiListingReferenceScanner.java:41]-Scanning for api listing references
2019-10-3109:40:03.367-INFO [CachingOperationNameGenerator.java:40]-Generating unique operation named: listUsingGET_1
2019-10-3109:40:03.368-INFO [CachingOperationNameGenerator.java:40]-Generating unique operation named: listDataUsingGET_1
2019-10-3109:40:03.393-INFO [ScheduledAnnotationBeanPostProcessor.java:295]-No TaskScheduler/ScheduledExecutorService bean found for scheduled processing
2019-10-3109:40:03.399-INFO [DirectJDKLog.java:173]-Starting ProtocolHandler ["http-nio-9999"]
2019-10-3109:40:03.423-INFO [TomcatWebServer.java:206]-Tomcat started on port(s): 9999 (http) with context path ''
2019-10-3109:40:03.426-INFO [StartupInfoLogger.java:59]-Started SunWebApplication in 4.427 seconds (JVM running for 6.024)
2019-10-3109:40:33.003-INFO [DirectJDKLog.java:173]-Initializing Spring DispatcherServlet 'dispatcherServlet'
2019-10-3109:40:33.004-INFO [FrameworkServlet.java:524]-Initializing Servlet 'dispatcherServlet'
2019-10-3109:40:33.026-INFO [FrameworkServlet.java:546]-Completed initialization in 22 ms
2019-10-3109:40:33.058-INFO [LogInSwagger2Interceptor.java:29]-LogInSwagger2Interceptor.preHandle()
2019-10-3109:40:33.155-INFO [LogInSwagger2Interceptor.java:31]-{"attributeNames":[],"creationTime":1572486033060,"id":"301DC11FA58F4C97DC1FE0FF2E83CA7C","lastAccessedTime":1572486033060,"maxInactiveInterval":3600,"new":true,"servletContext":{"attributeNames":["javax.servlet.context.tempdir","org.apache.catalina.resources","org.springframework.web.context.WebApplicationContext.ROOT","org.springframework.web.context.support.ServletContextScope","org.apache.tomcat.InstanceManager","org.apache.catalina.jsp_classpath","javax.websocket.server.ServerContainer","org.apache.tomcat.JarScanner","org.springframework.web.servlet.FrameworkServlet.CONTEXT.dispatcherServlet"],"contextPath":"","defaultSessionTrackingModes":["COOKIE","URL"],"effectiveMajorVersion":3,"effectiveMinorVersion":0,"effectiveSessionTrackingModes":["COOKIE","URL"],"filterRegistrations":{"requestContextFilter":{"className":"org.springframework.boot.web.servlet.filter.OrderedRequestContextFilter","initParameters":{},"name":"requestContextFilter","servletNameMappings":[],"urlPatternMappings":["/*"]},"Tomcat WebSocket (JSR356) Filter":{"className":"org.apache.tomcat.websocket.server.WsFilter","initParameters":{},"name":"Tomcat WebSocket (JSR356) Filter","servletNameMappings":[],"urlPatternMappings":["/*"]},"httpPutFormContentFilter":{"className":"org.springframework.boot.web.servlet.filter.OrderedHttpPutFormContentFilter","initParameters":{},"name":"httpPutFormContentFilter","servletNameMappings":[],"urlPatternMappings":["/*"]},"hiddenHttpMethodFilter":{"className":"org.springframework.boot.web.servlet.filter.OrderedHiddenHttpMethodFilter","initParameters":{},"name":"hiddenHttpMethodFilter","servletNameMappings":[],"urlPatternMappings":["/*"]},"characterEncodingFilter":{"className":"org.springframework.boot.web.servlet.filter.OrderedCharacterEncodingFilter","initParameters":{},"name":"characterEncodingFilter","servletNameMappings":[],"urlPatternMappings":["/*"]}},"initParameterNames":[],"majorVersion":4,"minorVersion":0,"serverInfo":"Apache Tomcat/9.0.19","servletContextName":"application","servletNames":[],"servletRegistrations":{"default":{"className":"org.apache.catalina.servlets.DefaultServlet","initParameters":{"listings":"false","debug":"0"},"mappings":[],"name":"default"},"dispatcherServlet":{"className":"org.springframework.web.servlet.DispatcherServlet","initParameters":{},"mappings":["/"],"name":"dispatcherServlet"}},"servlets":[],"sessionCookieConfig":{"httpOnly":false,"maxAge":-1,"secure":false},"sessionTimeout":60,"virtualServerName":"Tomcat/localhost"},"sessionContext":{"ids":[]},"valueNames":[]}
2019-10-3109:40:49.144-INFO [SunLoginController.java:40]-{"attributeNames":["kkkkkkkkk"],"creationTime":1572486033060,"id":"301DC11FA58F4C97DC1FE0FF2E83CA7C","lastAccessedTime":1572486038087,"maxInactiveInterval":3600,"new":false,"servletContext":{"attributeNames":["javax.servlet.context.tempdir","org.apache.catalina.resources","org.springframework.web.context.WebApplicationContext.ROOT","org.springframework.web.context.support.ServletContextScope","org.apache.tomcat.InstanceManager","org.apache.catalina.jsp_classpath","javax.websocket.server.ServerContainer","org.apache.tomcat.JarScanner","org.springframework.web.servlet.FrameworkServlet.CONTEXT.dispatcherServlet"],"contextPath":"","defaultSessionTrackingModes":["COOKIE","URL"],"effectiveMajorVersion":3,"effectiveMinorVersion":0,"effectiveSessionTrackingModes":["COOKIE","URL"],"filterRegistrations":{"requestContextFilter":{"className":"org.springframework.boot.web.servlet.filter.OrderedRequestContextFilter","initParameters":{},"name":"requestContextFilter","servletNameMappings":[],"urlPatternMappings":["/*"]},"Tomcat WebSocket (JSR356) Filter":{"className":"org.apache.tomcat.websocket.server.WsFilter","initParameters":{},"name":"Tomcat WebSocket (JSR356) Filter","servletNameMappings":[],"urlPatternMappings":["/*"]},"httpPutFormContentFilter":{"className":"org.springframework.boot.web.servlet.filter.OrderedHttpPutFormContentFilter","initParameters":{},"name":"httpPutFormContentFilter","servletNameMappings":[],"urlPatternMappings":["/*"]},"hiddenHttpMethodFilter":{"className":"org.springframework.boot.web.servlet.filter.OrderedHiddenHttpMethodFilter","initParameters":{},"name":"hiddenHttpMethodFilter","servletNameMappings":[],"urlPatternMappings":["/*"]},"characterEncodingFilter":{"className":"org.springframework.boot.web.servlet.filter.OrderedCharacterEncodingFilter","initParameters":{},"name":"characterEncodingFilter","servletNameMappings":[],"urlPatternMappings":["/*"]}},"initParameterNames":[],"majorVersion":4,"minorVersion":0,"serverInfo":"Apache Tomcat/9.0.19","servletContextName":"application","servletNames":[],"servletRegistrations":{"default":{"className":"org.apache.catalina.servlets.DefaultServlet","initParameters":{"listings":"false","debug":"0"},"mappings":[],"name":"default"},"dispatcherServlet":{"className":"org.springframework.web.servlet.DispatcherServlet","initParameters":{},"mappings":["/"],"name":"dispatcherServlet"}},"servlets":[],"sessionCookieConfig":{"httpOnly":false,"maxAge":-1,"secure":false},"sessionTimeout":60,"virtualServerName":"Tomcat/localhost"},"sessionContext":{"ids":[]},"valueNames":["kkkkkkkkk"]}
2019-10-3109:40:49.144-INFO [SunLoginController.java:42]-登录成功,存储session:
2019-10-3109:42:10.399-INFO [StartupInfoLogger.java:50]-Starting SunWebApplication on DESKTOP-6B5D8GA with PID 20968 (started by DELL in F:\代码模板\java_template)
2019-10-3109:42:10.402-INFO [SpringApplication.java:666]-The following profiles are active: dev
2019-10-3109:42:11.454-INFO [RepositoryConfigurationDelegate.java:244]-Multiple Spring Data modules found, entering strict repository configuration mode!
2019-10-3109:42:11.456-INFO [RepositoryConfigurationDelegate.java:126]-Bootstrapping Spring Data repositories in DEFAULT mode.
2019-10-3109:42:11.500-INFO [RepositoryConfigurationDelegate.java:182]-Finished Spring Data repository scanning in 30ms. Found 0 repository interfaces.
2019-10-3109:42:11.956-INFO [PostProcessorRegistrationDelegate.java:330]-Bean 'redisConfig' of type [com.sun.web.config.RedisConfig$$EnhancerBySpringCGLIB$$1db1cdd3] is not eligible for getting processed by all BeanPostProcessors (for example: not eligible for auto-proxying)
2019-10-3109:42:11.974-INFO [PostProcessorRegistrationDelegate.java:330]-Bean 'org.springframework.transaction.annotation.ProxyTransactionManagementConfiguration' of type [org.springframework.transaction.annotation.ProxyTransactionManagementConfiguration$$EnhancerBySpringCGLIB$$87e3e614] is not eligible for getting processed by all BeanPostProcessors (for example: not eligible for auto-proxying)
2019-10-3109:42:12.551-INFO [TomcatWebServer.java:91]-Tomcat initialized with port(s): 9999 (http)
2019-10-3109:42:12.569-INFO [DirectJDKLog.java:173]-Initializing ProtocolHandler ["http-nio-9999"]
2019-10-3109:42:12.582-INFO [DirectJDKLog.java:173]-Starting service [Tomcat]
2019-10-3109:42:12.582-INFO [DirectJDKLog.java:173]-Starting Servlet engine: [Apache Tomcat/9.0.19]
2019-10-3109:42:12.587-INFO [DirectJDKLog.java:173]-The APR based Apache Tomcat Native library which allows optimal performance in production environments was not found on the java.library.path: [C:\Program Files\Java\jdk1.8.0_101\bin;C:\WINDOWS\Sun\Java\bin;C:\WINDOWS\system32;C:\WINDOWS;D:\util\xshell6\;C:\ProgramData\Oracle\Java\javapath;C:\Program Files (x86)\Intel\iCLS Client\;C:\Program Files\Intel\iCLS Client\;C:\Windows\system32;C:\Windows;C:\Windows\System32\Wbem;C:\Windows\System32\WindowsPowerShell\v1.0\;C:\Program Files (x86)\Intel\Intel(R) Management Engine Components\DAL;C:\Program Files\Intel\Intel(R) Management Engine Components\DAL;C:\Program Files (x86)\Intel\Intel(R) Management Engine Components\IPT;C:\Program Files\Intel\Intel(R) Management Engine Components\IPT;C:\Program Files\Java\jdk1.8.0_101\bin;C:\Program Files\Java\jdk1.8.0_101\jre\bin;D:\apache-maven-3.5.4\bin;C:\WINDOWS\system32;C:\WINDOWS;C:\WINDOWS\System32\Wbem;C:\WINDOWS\System32\WindowsPowerShell\v1.0\;C:\WINDOWS\System32\OpenSSH\;D:\work\git\Git\cmd;D:\util\TorGit\bin;D:\Python;D:\util\TorSvn\bin;C:\Users\DELL\AppData\Local\Microsoft\WindowsApps;;C:\Users\DELL\AppData\Local\Microsoft\WindowsApps;D:\util\WebStorm 2019.2.2\bin;;.]
2019-10-3109:42:12.746-INFO [DirectJDKLog.java:173]-Initializing Spring embedded WebApplicationContext
2019-10-3109:42:12.747-INFO [ServletWebServerApplicationContext.java:285]-Root WebApplicationContext: initialization completed in 2288 ms
2019-10-3109:42:12.797-INFO [ServletRegistrationBean.java:187]-Servlet dispatcherServlet mapped to [/]
2019-10-3109:42:12.806-INFO [AbstractFilterRegistrationBean.java:245]-Mapping filter: 'characterEncodingFilter' to: [/*]
2019-10-3109:42:12.807-INFO [AbstractFilterRegistrationBean.java:245]-Mapping filter: 'hiddenHttpMethodFilter' to: [/*]
2019-10-3109:42:12.807-INFO [AbstractFilterRegistrationBean.java:245]-Mapping filter: 'httpPutFormContentFilter' to: [/*]
2019-10-3109:42:12.807-INFO [AbstractFilterRegistrationBean.java:245]-Mapping filter: 'requestContextFilter' to: [/*]
2019-10-3109:42:14.116-INFO [WelcomePageHandlerMapping.java:61]-Adding welcome page template: index
2019-10-3109:42:14.366-INFO [DocumentationPluginsBootstrapper.java:120]-Context refreshed
2019-10-3109:42:14.381-INFO [DocumentationPluginsBootstrapper.java:123]-Found 1 custom documentation plugin(s)
2019-10-3109:42:14.397-INFO [ApiListingReferenceScanner.java:41]-Scanning for api listing references
2019-10-3109:42:14.650-INFO [CachingOperationNameGenerator.java:40]-Generating unique operation named: listUsingGET_1
2019-10-3109:42:14.651-INFO [CachingOperationNameGenerator.java:40]-Generating unique operation named: listDataUsingGET_1
2019-10-3109:42:14.678-INFO [ScheduledAnnotationBeanPostProcessor.java:295]-No TaskScheduler/ScheduledExecutorService bean found for scheduled processing
2019-10-3109:42:14.686-INFO [DirectJDKLog.java:173]-Starting ProtocolHandler ["http-nio-9999"]
2019-10-3109:42:14.712-INFO [TomcatWebServer.java:206]-Tomcat started on port(s): 9999 (http) with context path ''
2019-10-3109:42:14.715-INFO [StartupInfoLogger.java:59]-Started SunWebApplication in 5.246 seconds (JVM running for 7.109)
2019-10-3111:17:03.925-INFO [StartupInfoLogger.java:50]-Starting SunWebApplication on DESKTOP-6B5D8GA with PID 10608 (started by DELL in F:\代码模板\java_template)
2019-10-3111:17:03.949-INFO [SpringApplication.java:666]-The following profiles are active: dev
2019-10-3111:17:06.424-INFO [RepositoryConfigurationDelegate.java:244]-Multiple Spring Data modules found, entering strict repository configuration mode!
2019-10-3111:17:06.428-INFO [RepositoryConfigurationDelegate.java:126]-Bootstrapping Spring Data repositories in DEFAULT mode.
2019-10-3111:17:06.521-INFO [RepositoryConfigurationDelegate.java:182]-Finished Spring Data repository scanning in 71ms. Found 0 repository interfaces.
2019-10-3111:17:07.076-INFO [PostProcessorRegistrationDelegate.java:330]-Bean 'redisConfig' of type [com.sun.web.config.RedisConfig$$EnhancerBySpringCGLIB$$3958aef4] is not eligible for getting processed by all BeanPostProcessors (for example: not eligible for auto-proxying)
2019-10-3111:17:07.087-INFO [PostProcessorRegistrationDelegate.java:330]-Bean 'org.springframework.transaction.annotation.ProxyTransactionManagementConfiguration' of type [org.springframework.transaction.annotation.ProxyTransactionManagementConfiguration$$EnhancerBySpringCGLIB$$a38ac735] is not eligible for getting processed by all BeanPostProcessors (for example: not eligible for auto-proxying)
2019-10-3111:17:07.973-INFO [TomcatWebServer.java:91]-Tomcat initialized with port(s): 9999 (http)
2019-10-3111:17:07.999-INFO [DirectJDKLog.java:173]-Initializing ProtocolHandler ["http-nio-9999"]
2019-10-3111:17:08.014-INFO [DirectJDKLog.java:173]-Starting service [Tomcat]
2019-10-3111:17:08.014-INFO [DirectJDKLog.java:173]-Starting Servlet engine: [Apache Tomcat/9.0.19]
2019-10-3111:17:08.022-INFO [DirectJDKLog.java:173]-The APR based Apache Tomcat Native library which allows optimal performance in production environments was not found on the java.library.path: [C:\Program Files\Java\jdk1.8.0_101\bin;C:\WINDOWS\Sun\Java\bin;C:\WINDOWS\system32;C:\WINDOWS;D:\util\xshell6\;C:\ProgramData\Oracle\Java\javapath;C:\Program Files (x86)\Intel\iCLS Client\;C:\Program Files\Intel\iCLS Client\;C:\Windows\system32;C:\Windows;C:\Windows\System32\Wbem;C:\Windows\System32\WindowsPowerShell\v1.0\;C:\Program Files (x86)\Intel\Intel(R) Management Engine Components\DAL;C:\Program Files\Intel\Intel(R) Management Engine Components\DAL;C:\Program Files (x86)\Intel\Intel(R) Management Engine Components\IPT;C:\Program Files\Intel\Intel(R) Management Engine Components\IPT;C:\Program Files\Java\jdk1.8.0_101\bin;C:\Program Files\Java\jdk1.8.0_101\jre\bin;D:\apache-maven-3.5.4\bin;C:\WINDOWS\system32;C:\WINDOWS;C:\WINDOWS\System32\Wbem;C:\WINDOWS\System32\WindowsPowerShell\v1.0\;C:\WINDOWS\System32\OpenSSH\;D:\work\git\Git\cmd;D:\util\TorGit\bin;D:\Python;D:\util\TorSvn\bin;C:\Users\DELL\AppData\Local\Microsoft\WindowsApps;;C:\Users\DELL\AppData\Local\Microsoft\WindowsApps;D:\util\WebStorm 2019.2.2\bin;;.]
2019-10-3111:17:08.272-INFO [DirectJDKLog.java:173]-Initializing Spring embedded WebApplicationContext
2019-10-3111:17:08.272-INFO [ServletWebServerApplicationContext.java:285]-Root WebApplicationContext: initialization completed in 4128 ms
2019-10-3111:17:08.354-INFO [ServletRegistrationBean.java:187]-Servlet dispatcherServlet mapped to [/]
2019-10-3111:17:08.364-INFO [AbstractFilterRegistrationBean.java:245]-Mapping filter: 'characterEncodingFilter' to: [/*]
2019-10-3111:17:08.365-INFO [AbstractFilterRegistrationBean.java:245]-Mapping filter: 'hiddenHttpMethodFilter' to: [/*]
2019-10-3111:17:08.365-INFO [AbstractFilterRegistrationBean.java:245]-Mapping filter: 'httpPutFormContentFilter' to: [/*]
2019-10-3111:17:08.365-INFO [AbstractFilterRegistrationBean.java:245]-Mapping filter: 'requestContextFilter' to: [/*]
2019-10-3111:17:10.585-INFO [WelcomePageHandlerMapping.java:61]-Adding welcome page template: index
2019-10-3111:17:10.942-INFO [DocumentationPluginsBootstrapper.java:120]-Context refreshed
2019-10-3111:17:10.977-INFO [DocumentationPluginsBootstrapper.java:123]-Found 1 custom documentation plugin(s)
2019-10-3111:17:10.992-INFO [ApiListingReferenceScanner.java:41]-Scanning for api listing references
2019-10-3111:17:11.286-INFO [CachingOperationNameGenerator.java:40]-Generating unique operation named: listUsingGET_1
2019-10-3111:17:11.287-INFO [CachingOperationNameGenerator.java:40]-Generating unique operation named: listDataUsingGET_1
2019-10-3111:17:11.340-INFO [ScheduledAnnotationBeanPostProcessor.java:295]-No TaskScheduler/ScheduledExecutorService bean found for scheduled processing
2019-10-3111:17:11.348-INFO [DirectJDKLog.java:173]-Starting ProtocolHandler ["http-nio-9999"]
2019-10-3111:17:11.379-INFO [TomcatWebServer.java:206]-Tomcat started on port(s): 9999 (http) with context path ''
2019-10-3111:17:11.382-INFO [StartupInfoLogger.java:59]-Started SunWebApplication in 8.531 seconds (JVM running for 10.079)
2019-10-3111:17:42.669-INFO [DirectJDKLog.java:173]-Initializing Spring DispatcherServlet 'dispatcherServlet'
2019-10-3111:17:42.669-INFO [FrameworkServlet.java:524]-Initializing Servlet 'dispatcherServlet'
2019-10-3111:17:42.691-INFO [FrameworkServlet.java:546]-Completed initialization in 22 ms
2019-10-3111:18:25.042-INFO [SunLoginController.java:40]-{"attributeNames":["kkkkkkkkk"],"creationTime":1572491873673,"id":"18A6A94E2CC5B145C099C385F850E71F","lastAccessedTime":1572491873673,"maxInactiveInterval":3600,"new":true,"servletContext":{"attributeNames":["javax.servlet.context.tempdir","org.apache.catalina.resources","org.springframework.web.context.WebApplicationContext.ROOT","org.springframework.web.context.support.ServletContextScope","org.apache.tomcat.InstanceManager","org.apache.catalina.jsp_classpath","javax.websocket.server.ServerContainer","org.apache.tomcat.JarScanner","org.springframework.web.servlet.FrameworkServlet.CONTEXT.dispatcherServlet"],"contextPath":"","defaultSessionTrackingModes":["COOKIE","URL"],"effectiveMajorVersion":3,"effectiveMinorVersion":0,"effectiveSessionTrackingModes":["COOKIE","URL"],"filterRegistrations":{"requestContextFilter":{"className":"org.springframework.boot.web.servlet.filter.OrderedRequestContextFilter","initParameters":{},"name":"requestContextFilter","servletNameMappings":[],"urlPatternMappings":["/*"]},"Tomcat WebSocket (JSR356) Filter":{"className":"org.apache.tomcat.websocket.server.WsFilter","initParameters":{},"name":"Tomcat WebSocket (JSR356) Filter","servletNameMappings":[],"urlPatternMappings":["/*"]},"httpPutFormContentFilter":{"className":"org.springframework.boot.web.servlet.filter.OrderedHttpPutFormContentFilter","initParameters":{},"name":"httpPutFormContentFilter","servletNameMappings":[],"urlPatternMappings":["/*"]},"hiddenHttpMethodFilter":{"className":"org.springframework.boot.web.servlet.filter.OrderedHiddenHttpMethodFilter","initParameters":{},"name":"hiddenHttpMethodFilter","servletNameMappings":[],"urlPatternMappings":["/*"]},"characterEncodingFilter":{"className":"org.springframework.boot.web.servlet.filter.OrderedCharacterEncodingFilter","initParameters":{},"name":"characterEncodingFilter","servletNameMappings":[],"urlPatternMappings":["/*"]}},"initParameterNames":[],"majorVersion":4,"minorVersion":0,"serverInfo":"Apache Tomcat/9.0.19","servletContextName":"application","servletNames":[],"servletRegistrations":{"default":{"className":"org.apache.catalina.servlets.DefaultServlet","initParameters":{"listings":"false","debug":"0"},"mappings":[],"name":"default"},"dispatcherServlet":{"className":"org.springframework.web.servlet.DispatcherServlet","initParameters":{},"mappings":["/"],"name":"dispatcherServlet"}},"servlets":[],"sessionCookieConfig":{"httpOnly":false,"maxAge":-1,"secure":false},"sessionTimeout":60,"virtualServerName":"Tomcat/localhost"},"sessionContext":{"ids":[]},"valueNames":["kkkkkkkkk"]}
2019-10-3111:18:34.059-INFO [SunLoginController.java:42]-登录成功,存储session:
2019-10-3111:20:08.934-INFO [LogInSwagger2Interceptor.java:29]-LogInSwagger2Interceptor.preHandle()
2019-10-3111:20:10.470-INFO [LogInSwagger2Interceptor.java:31]-{"attributeNames":[],"creationTime":1572492009714,"id":"1DD58AFE12DC6D5914AD126F759211DF","lastAccessedTime":1572492009714,"maxInactiveInterval":3600,"new":true,"servletContext":{"attributeNames":["javax.servlet.context.tempdir","org.apache.catalina.resources","org.springframework.web.context.WebApplicationContext.ROOT","org.springframework.web.context.support.ServletContextScope","org.apache.tomcat.InstanceManager","org.apache.catalina.jsp_classpath","javax.websocket.server.ServerContainer","org.apache.tomcat.JarScanner","org.springframework.web.servlet.FrameworkServlet.CONTEXT.dispatcherServlet"],"contextPath":"","defaultSessionTrackingModes":["COOKIE","URL"],"effectiveMajorVersion":3,"effectiveMinorVersion":0,"effectiveSessionTrackingModes":["COOKIE","URL"],"filterRegistrations":{"requestContextFilter":{"className":"org.springframework.boot.web.servlet.filter.OrderedRequestContextFilter","initParameters":{},"name":"requestContextFilter","servletNameMappings":[],"urlPatternMappings":["/*"]},"Tomcat WebSocket (JSR356) Filter":{"className":"org.apache.tomcat.websocket.server.WsFilter","initParameters":{},"name":"Tomcat WebSocket (JSR356) Filter","servletNameMappings":[],"urlPatternMappings":["/*"]},"httpPutFormContentFilter":{"className":"org.springframework.boot.web.servlet.filter.OrderedHttpPutFormContentFilter","initParameters":{},"name":"httpPutFormContentFilter","servletNameMappings":[],"urlPatternMappings":["/*"]},"hiddenHttpMethodFilter":{"className":"org.springframework.boot.web.servlet.filter.OrderedHiddenHttpMethodFilter","initParameters":{},"name":"hiddenHttpMethodFilter","servletNameMappings":[],"urlPatternMappings":["/*"]},"characterEncodingFilter":{"className":"org.springframework.boot.web.servlet.filter.OrderedCharacterEncodingFilter","initParameters":{},"name":"characterEncodingFilter","servletNameMappings":[],"urlPatternMappings":["/*"]}},"initParameterNames":[],"majorVersion":4,"minorVersion":0,"serverInfo":"Apache Tomcat/9.0.19","servletContextName":"application","servletNames":[],"servletRegistrations":{"default":{"className":"org.apache.catalina.servlets.DefaultServlet","initParameters":{"listings":"false","debug":"0"},"mappings":[],"name":"default"},"dispatcherServlet":{"className":"org.springframework.web.servlet.DispatcherServlet","initParameters":{},"mappings":["/"],"name":"dispatcherServlet"}},"servlets":[],"sessionCookieConfig":{"httpOnly":false,"maxAge":-1,"secure":false},"sessionTimeout":60,"virtualServerName":"Tomcat/localhost"},"sessionContext":{"ids":[]},"valueNames":[]}
2019-10-3111:32:09.692-INFO [StartupInfoLogger.java:50]-Starting SunWebApplication on DESKTOP-6B5D8GA with PID 7704 (started by DELL in F:\代码模板\java_template)
2019-10-3111:32:09.697-INFO [SpringApplication.java:666]-The following profiles are active: dev
2019-10-3111:32:10.743-INFO [RepositoryConfigurationDelegate.java:244]-Multiple Spring Data modules found, entering strict repository configuration mode!
2019-10-3111:32:10.745-INFO [RepositoryConfigurationDelegate.java:126]-Bootstrapping Spring Data repositories in DEFAULT mode.
2019-10-3111:32:10.789-INFO [RepositoryConfigurationDelegate.java:182]-Finished Spring Data repository scanning in 29ms. Found 0 repository interfaces.
2019-10-3111:32:11.213-INFO [PostProcessorRegistrationDelegate.java:330]-Bean 'redisConfig' of type [com.sun.web.config.RedisConfig$$EnhancerBySpringCGLIB$$853614d3] is not eligible for getting processed by all BeanPostProcessors (for example: not eligible for auto-proxying)
2019-10-3111:32:11.224-INFO [PostProcessorRegistrationDelegate.java:330]-Bean 'org.springframework.transaction.annotation.ProxyTransactionManagementConfiguration' of type [org.springframework.transaction.annotation.ProxyTransactionManagementConfiguration$$EnhancerBySpringCGLIB$$ef682d14] is not eligible for getting processed by all BeanPostProcessors (for example: not eligible for auto-proxying)
2019-10-3111:32:11.576-INFO [TomcatWebServer.java:91]-Tomcat initialized with port(s): 9999 (http)
2019-10-3111:32:11.591-INFO [DirectJDKLog.java:173]-Initializing ProtocolHandler ["http-nio-9999"]
2019-10-3111:32:11.600-INFO [DirectJDKLog.java:173]-Starting service [Tomcat]
2019-10-3111:32:11.600-INFO [DirectJDKLog.java:173]-Starting Servlet engine: [Apache Tomcat/9.0.19]
2019-10-3111:32:11.605-INFO [DirectJDKLog.java:173]-The APR based Apache Tomcat Native library which allows optimal performance in production environments was not found on the java.library.path: [C:\Program Files\Java\jdk1.8.0_101\bin;C:\WINDOWS\Sun\Java\bin;C:\WINDOWS\system32;C:\WINDOWS;D:\util\xshell6\;C:\ProgramData\Oracle\Java\javapath;C:\Program Files (x86)\Intel\iCLS Client\;C:\Program Files\Intel\iCLS Client\;C:\Windows\system32;C:\Windows;C:\Windows\System32\Wbem;C:\Windows\System32\WindowsPowerShell\v1.0\;C:\Program Files (x86)\Intel\Intel(R) Management Engine Components\DAL;C:\Program Files\Intel\Intel(R) Management Engine Components\DAL;C:\Program Files (x86)\Intel\Intel(R) Management Engine Components\IPT;C:\Program Files\Intel\Intel(R) Management Engine Components\IPT;C:\Program Files\Java\jdk1.8.0_101\bin;C:\Program Files\Java\jdk1.8.0_101\jre\bin;D:\apache-maven-3.5.4\bin;C:\WINDOWS\system32;C:\WINDOWS;C:\WINDOWS\System32\Wbem;C:\WINDOWS\System32\WindowsPowerShell\v1.0\;C:\WINDOWS\System32\OpenSSH\;D:\work\git\Git\cmd;D:\util\TorGit\bin;D:\Python;D:\util\TorSvn\bin;C:\Users\DELL\AppData\Local\Microsoft\WindowsApps;;C:\Users\DELL\AppData\Local\Microsoft\WindowsApps;D:\util\WebStorm 2019.2.2\bin;;.]
2019-10-3111:32:11.735-INFO [DirectJDKLog.java:173]-Initializing Spring embedded WebApplicationContext
2019-10-3111:32:11.735-INFO [ServletWebServerApplicationContext.java:285]-Root WebApplicationContext: initialization completed in 1963 ms
2019-10-3111:32:11.770-INFO [ServletRegistrationBean.java:187]-Servlet dispatcherServlet mapped to [/]
2019-10-3111:32:11.775-INFO [AbstractFilterRegistrationBean.java:245]-Mapping filter: 'characterEncodingFilter' to: [/*]
2019-10-3111:32:11.775-INFO [AbstractFilterRegistrationBean.java:245]-Mapping filter: 'hiddenHttpMethodFilter' to: [/*]
2019-10-3111:32:11.775-INFO [AbstractFilterRegistrationBean.java:245]-Mapping filter: 'httpPutFormContentFilter' to: [/*]
2019-10-3111:32:11.775-INFO [AbstractFilterRegistrationBean.java:245]-Mapping filter: 'requestContextFilter' to: [/*]
2019-10-3111:32:13.438-INFO [WelcomePageHandlerMapping.java:61]-Adding welcome page template: index
2019-10-3111:32:13.698-INFO [DocumentationPluginsBootstrapper.java:120]-Context refreshed
2019-10-3111:32:13.713-INFO [DocumentationPluginsBootstrapper.java:123]-Found 1 custom documentation plugin(s)
2019-10-3111:32:13.726-INFO [ApiListingReferenceScanner.java:41]-Scanning for api listing references
2019-10-3111:32:13.965-INFO [CachingOperationNameGenerator.java:40]-Generating unique operation named: listUsingGET_1
2019-10-3111:32:13.966-INFO [CachingOperationNameGenerator.java:40]-Generating unique operation named: listDataUsingGET_1
2019-10-3111:32:13.992-INFO [ScheduledAnnotationBeanPostProcessor.java:295]-No TaskScheduler/ScheduledExecutorService bean found for scheduled processing
2019-10-3111:32:14.001-INFO [DirectJDKLog.java:173]-Starting ProtocolHandler ["http-nio-9999"]
2019-10-3111:32:14.027-INFO [TomcatWebServer.java:206]-Tomcat started on port(s): 9999 (http) with context path ''
2019-10-3111:32:14.030-INFO [StartupInfoLogger.java:59]-Started SunWebApplication in 4.952 seconds (JVM running for 6.402)
2019-10-3111:32:26.410-INFO [DirectJDKLog.java:173]-Initializing Spring DispatcherServlet 'dispatcherServlet'
2019-10-3111:32:26.412-INFO [FrameworkServlet.java:524]-Initializing Servlet 'dispatcherServlet'
2019-10-3111:32:26.421-INFO [FrameworkServlet.java:546]-Completed initialization in 8 ms
2019-10-3111:32:36.931-INFO [SunLoginController.java:40]-{"attributeNames":["kkkkkkkkk"],"creationTime":1572492754186,"id":"B9642A58C4E7C9FF8D8B83E077B727F5","lastAccessedTime":1572492754186,"maxInactiveInterval":3600,"new":true,"servletContext":{"attributeNames":["javax.servlet.context.tempdir","org.apache.catalina.resources","org.springframework.web.context.WebApplicationContext.ROOT","org.springframework.web.context.support.ServletContextScope","org.apache.tomcat.InstanceManager","org.apache.catalina.jsp_classpath","javax.websocket.server.ServerContainer","org.apache.tomcat.JarScanner","org.springframework.web.servlet.FrameworkServlet.CONTEXT.dispatcherServlet"],"contextPath":"","defaultSessionTrackingModes":["COOKIE","URL"],"effectiveMajorVersion":3,"effectiveMinorVersion":0,"effectiveSessionTrackingModes":["COOKIE","URL"],"filterRegistrations":{"requestContextFilter":{"className":"org.springframework.boot.web.servlet.filter.OrderedRequestContextFilter","initParameters":{},"name":"requestContextFilter","servletNameMappings":[],"urlPatternMappings":["/*"]},"Tomcat WebSocket (JSR356) Filter":{"className":"org.apache.tomcat.websocket.server.WsFilter","initParameters":{},"name":"Tomcat WebSocket (JSR356) Filter","servletNameMappings":[],"urlPatternMappings":["/*"]},"httpPutFormContentFilter":{"className":"org.springframework.boot.web.servlet.filter.OrderedHttpPutFormContentFilter","initParameters":{},"name":"httpPutFormContentFilter","servletNameMappings":[],"urlPatternMappings":["/*"]},"hiddenHttpMethodFilter":{"className":"org.springframework.boot.web.servlet.filter.OrderedHiddenHttpMethodFilter","initParameters":{},"name":"hiddenHttpMethodFilter","servletNameMappings":[],"urlPatternMappings":["/*"]},"characterEncodingFilter":{"className":"org.springframework.boot.web.servlet.filter.OrderedCharacterEncodingFilter","initParameters":{},"name":"characterEncodingFilter","servletNameMappings":[],"urlPatternMappings":["/*"]}},"initParameterNames":[],"majorVersion":4,"minorVersion":0,"serverInfo":"Apache Tomcat/9.0.19","servletContextName":"application","servletNames":[],"servletRegistrations":{"default":{"className":"org.apache.catalina.servlets.DefaultServlet","initParameters":{"listings":"false","debug":"0"},"mappings":[],"name":"default"},"dispatcherServlet":{"className":"org.springframework.web.servlet.DispatcherServlet","initParameters":{},"mappings":["/"],"name":"dispatcherServlet"}},"servlets":[],"sessionCookieConfig":{"httpOnly":false,"maxAge":-1,"secure":false},"sessionTimeout":60,"virtualServerName":"Tomcat/localhost"},"sessionContext":{"ids":[]},"valueNames":["kkkkkkkkk"]}
2019-10-3111:32:37.591-INFO [SunLoginController.java:42]-登录成功,存储session:
2019-10-3111:32:56.000-INFO [LogInSwagger2Interceptor.java:29]-LogInSwagger2Interceptor.preHandle()
2019-10-3111:32:56.002-INFO [LogInSwagger2Interceptor.java:31]-{"attributeNames":["kkkkkkkkk"],"creationTime":1572492754186,"id":"B9642A58C4E7C9FF8D8B83E077B727F5","lastAccessedTime":1572492767168,"maxInactiveInterval":3600,"new":false,"servletContext":{"attributeNames":["javax.servlet.context.tempdir","org.apache.catalina.resources","org.springframework.web.context.WebApplicationContext.ROOT","org.springframework.web.context.support.ServletContextScope","org.apache.tomcat.InstanceManager","org.apache.catalina.jsp_classpath","javax.websocket.server.ServerContainer","org.apache.tomcat.JarScanner","org.springframework.web.servlet.FrameworkServlet.CONTEXT.dispatcherServlet"],"contextPath":"","defaultSessionTrackingModes":["COOKIE","URL"],"effectiveMajorVersion":3,"effectiveMinorVersion":0,"effectiveSessionTrackingModes":["COOKIE","URL"],"filterRegistrations":{"requestContextFilter":{"className":"org.springframework.boot.web.servlet.filter.OrderedRequestContextFilter","initParameters":{},"name":"requestContextFilter","servletNameMappings":[],"urlPatternMappings":["/*"]},"Tomcat WebSocket (JSR356) Filter":{"className":"org.apache.tomcat.websocket.server.WsFilter","initParameters":{},"name":"Tomcat WebSocket (JSR356) Filter","servletNameMappings":[],"urlPatternMappings":["/*"]},"httpPutFormContentFilter":{"className":"org.springframework.boot.web.servlet.filter.OrderedHttpPutFormContentFilter","initParameters":{},"name":"httpPutFormContentFilter","servletNameMappings":[],"urlPatternMappings":["/*"]},"hiddenHttpMethodFilter":{"className":"org.springframework.boot.web.servlet.filter.OrderedHiddenHttpMethodFilter","initParameters":{},"name":"hiddenHttpMethodFilter","servletNameMappings":[],"urlPatternMappings":["/*"]},"characterEncodingFilter":{"className":"org.springframework.boot.web.servlet.filter.OrderedCharacterEncodingFilter","initParameters":{},"name":"characterEncodingFilter","servletNameMappings":[],"urlPatternMappings":["/*"]}},"initParameterNames":[],"majorVersion":4,"minorVersion":0,"serverInfo":"Apache Tomcat/9.0.19","servletContextName":"application","servletNames":[],"servletRegistrations":{"default":{"className":"org.apache.catalina.servlets.DefaultServlet","initParameters":{"listings":"false","debug":"0"},"mappings":[],"name":"default"},"dispatcherServlet":{"className":"org.springframework.web.servlet.DispatcherServlet","initParameters":{},"mappings":["/"],"name":"dispatcherServlet"}},"servlets":[],"sessionCookieConfig":{"httpOnly":false,"maxAge":-1,"secure":false},"sessionTimeout":60,"virtualServerName":"Tomcat/localhost"},"sessionContext":{"ids":[]},"valueNames":["kkkkkkkkk"]}
2019-10-3111:34:18.458-INFO [SunLoginController.java:40]-{"attributeNames":["kkkkkkkkk"],"creationTime":1572492754186,"id":"B9642A58C4E7C9FF8D8B83E077B727F5","lastAccessedTime":1572492776900,"maxInactiveInterval":3600,"new":false,"servletContext":{"attributeNames":["javax.servlet.context.tempdir","org.apache.catalina.resources","org.springframework.web.context.WebApplicationContext.ROOT","org.springframework.web.context.support.ServletContextScope","org.apache.tomcat.InstanceManager","org.apache.catalina.jsp_classpath","javax.websocket.server.ServerContainer","org.apache.tomcat.JarScanner","org.springframework.web.servlet.FrameworkServlet.CONTEXT.dispatcherServlet"],"contextPath":"","defaultSessionTrackingModes":["COOKIE","URL"],"effectiveMajorVersion":3,"effectiveMinorVersion":0,"effectiveSessionTrackingModes":["COOKIE","URL"],"filterRegistrations":{"requestContextFilter":{"className":"org.springframework.boot.web.servlet.filter.OrderedRequestContextFilter","initParameters":{},"name":"requestContextFilter","servletNameMappings":[],"urlPatternMappings":["/*"]},"Tomcat WebSocket (JSR356) Filter":{"className":"org.apache.tomcat.websocket.server.WsFilter","initParameters":{},"name":"Tomcat WebSocket (JSR356) Filter","servletNameMappings":[],"urlPatternMappings":["/*"]},"httpPutFormContentFilter":{"className":"org.springframework.boot.web.servlet.filter.OrderedHttpPutFormContentFilter","initParameters":{},"name":"httpPutFormContentFilter","servletNameMappings":[],"urlPatternMappings":["/*"]},"hiddenHttpMethodFilter":{"className":"org.springframework.boot.web.servlet.filter.OrderedHiddenHttpMethodFilter","initParameters":{},"name":"hiddenHttpMethodFilter","servletNameMappings":[],"urlPatternMappings":["/*"]},"characterEncodingFilter":{"className":"org.springframework.boot.web.servlet.filter.OrderedCharacterEncodingFilter","initParameters":{},"name":"characterEncodingFilter","servletNameMappings":[],"urlPatternMappings":["/*"]}},"initParameterNames":[],"majorVersion":4,"minorVersion":0,"serverInfo":"Apache Tomcat/9.0.19","servletContextName":"application","servletNames":[],"servletRegistrations":{"default":{"className":"org.apache.catalina.servlets.DefaultServlet","initParameters":{"listings":"false","debug":"0"},"mappings":[],"name":"default"},"dispatcherServlet":{"className":"org.springframework.web.servlet.DispatcherServlet","initParameters":{},"mappings":["/"],"name":"dispatcherServlet"}},"servlets":[],"sessionCookieConfig":{"httpOnly":false,"maxAge":-1,"secure":false},"sessionTimeout":60,"virtualServerName":"Tomcat/localhost"},"sessionContext":{"ids":[]},"valueNames":["kkkkkkkkk"]}
2019-10-3111:34:24.132-INFO [SunLoginController.java:42]-登录成功,存储session:
2019-10-3111:35:35.265-INFO [LogInSwagger2Interceptor.java:29]-LogInSwagger2Interceptor.preHandle()
2019-10-3111:35:35.267-INFO [LogInSwagger2Interceptor.java:31]-{"attributeNames":["kkkkkkkkk"],"creationTime":1572492754186,"id":"B9642A58C4E7C9FF8D8B83E077B727F5","lastAccessedTime":1572492933723,"maxInactiveInterval":3600,"new":false,"servletContext":{"attributeNames":["javax.servlet.context.tempdir","org.apache.catalina.resources","org.springframework.web.context.WebApplicationContext.ROOT","org.springframework.web.context.support.ServletContextScope","org.apache.tomcat.InstanceManager","org.apache.catalina.jsp_classpath","javax.websocket.server.ServerContainer","org.apache.tomcat.JarScanner","org.springframework.web.servlet.FrameworkServlet.CONTEXT.dispatcherServlet"],"contextPath":"","defaultSessionTrackingModes":["COOKIE","URL"],"effectiveMajorVersion":3,"effectiveMinorVersion":0,"effectiveSessionTrackingModes":["COOKIE","URL"],"filterRegistrations":{"requestContextFilter":{"className":"org.springframework.boot.web.servlet.filter.OrderedRequestContextFilter","initParameters":{},"name":"requestContextFilter","servletNameMappings":[],"urlPatternMappings":["/*"]},"Tomcat WebSocket (JSR356) Filter":{"className":"org.apache.tomcat.websocket.server.WsFilter","initParameters":{},"name":"Tomcat WebSocket (JSR356) Filter","servletNameMappings":[],"urlPatternMappings":["/*"]},"httpPutFormContentFilter":{"className":"org.springframework.boot.web.servlet.filter.OrderedHttpPutFormContentFilter","initParameters":{},"name":"httpPutFormContentFilter","servletNameMappings":[],"urlPatternMappings":["/*"]},"hiddenHttpMethodFilter":{"className":"org.springframework.boot.web.servlet.filter.OrderedHiddenHttpMethodFilter","initParameters":{},"name":"hiddenHttpMethodFilter","servletNameMappings":[],"urlPatternMappings":["/*"]},"characterEncodingFilter":{"className":"org.springframework.boot.web.servlet.filter.OrderedCharacterEncodingFilter","initParameters":{},"name":"characterEncodingFilter","servletNameMappings":[],"urlPatternMappings":["/*"]}},"initParameterNames":[],"majorVersion":4,"minorVersion":0,"serverInfo":"Apache Tomcat/9.0.19","servletContextName":"application","servletNames":[],"servletRegistrations":{"default":{"className":"org.apache.catalina.servlets.DefaultServlet","initParameters":{"listings":"false","debug":"0"},"mappings":[],"name":"default"},"dispatcherServlet":{"className":"org.springframework.web.servlet.DispatcherServlet","initParameters":{},"mappings":["/"],"name":"dispatcherServlet"}},"servlets":[],"sessionCookieConfig":{"httpOnly":false,"maxAge":-1,"secure":false},"sessionTimeout":60,"virtualServerName":"Tomcat/localhost"},"sessionContext":{"ids":[]},"valueNames":["kkkkkkkkk"]}
2019-10-3113:43:49.363-INFO [StartupInfoLogger.java:50]-Starting SunWebApplication on DESKTOP-6B5D8GA with PID 10248 (started by DELL in F:\代码模板\java_template)
2019-10-3113:43:49.381-INFO [SpringApplication.java:666]-The following profiles are active: dev
2019-10-3113:43:51.343-INFO [RepositoryConfigurationDelegate.java:244]-Multiple Spring Data modules found, entering strict repository configuration mode!
2019-10-3113:43:51.346-INFO [RepositoryConfigurationDelegate.java:126]-Bootstrapping Spring Data repositories in DEFAULT mode.
2019-10-3113:43:51.407-INFO [RepositoryConfigurationDelegate.java:182]-Finished Spring Data repository scanning in 31ms. Found 0 repository interfaces.
2019-10-3113:43:51.985-INFO [PostProcessorRegistrationDelegate.java:330]-Bean 'redisConfig' of type [com.sun.web.config.RedisConfig$$EnhancerBySpringCGLIB$$4c422793] is not eligible for getting processed by all BeanPostProcessors (for example: not eligible for auto-proxying)
2019-10-3113:43:51.996-INFO [PostProcessorRegistrationDelegate.java:330]-Bean 'org.springframework.transaction.annotation.ProxyTransactionManagementConfiguration' of type [org.springframework.transaction.annotation.ProxyTransactionManagementConfiguration$$EnhancerBySpringCGLIB$$b6743fd4] is not eligible for getting processed by all BeanPostProcessors (for example: not eligible for auto-proxying)
2019-10-3113:43:52.508-INFO [TomcatWebServer.java:91]-Tomcat initialized with port(s): 9999 (http)
2019-10-3113:43:52.524-INFO [DirectJDKLog.java:173]-Initializing ProtocolHandler ["http-nio-9999"]
2019-10-3113:43:52.532-INFO [DirectJDKLog.java:173]-Starting service [Tomcat]
2019-10-3113:43:52.533-INFO [DirectJDKLog.java:173]-Starting Servlet engine: [Apache Tomcat/9.0.19]
2019-10-3113:43:52.538-INFO [DirectJDKLog.java:173]-The APR based Apache Tomcat Native library which allows optimal performance in production environments was not found on the java.library.path: [C:\Program Files\Java\jdk1.8.0_101\bin;C:\WINDOWS\Sun\Java\bin;C:\WINDOWS\system32;C:\WINDOWS;D:\util\xshell6\;C:\ProgramData\Oracle\Java\javapath;C:\Program Files (x86)\Intel\iCLS Client\;C:\Program Files\Intel\iCLS Client\;C:\Windows\system32;C:\Windows;C:\Windows\System32\Wbem;C:\Windows\System32\WindowsPowerShell\v1.0\;C:\Program Files (x86)\Intel\Intel(R) Management Engine Components\DAL;C:\Program Files\Intel\Intel(R) Management Engine Components\DAL;C:\Program Files (x86)\Intel\Intel(R) Management Engine Components\IPT;C:\Program Files\Intel\Intel(R) Management Engine Components\IPT;C:\Program Files\Java\jdk1.8.0_101\bin;C:\Program Files\Java\jdk1.8.0_101\jre\bin;D:\apache-maven-3.5.4\bin;C:\WINDOWS\system32;C:\WINDOWS;C:\WINDOWS\System32\Wbem;C:\WINDOWS\System32\WindowsPowerShell\v1.0\;C:\WINDOWS\System32\OpenSSH\;D:\work\git\Git\cmd;D:\util\TorGit\bin;D:\Python;D:\util\TorSvn\bin;C:\Users\DELL\AppData\Local\Microsoft\WindowsApps;;C:\Users\DELL\AppData\Local\Microsoft\WindowsApps;D:\util\WebStorm 2019.2.2\bin;;.]
2019-10-3113:43:52.682-INFO [DirectJDKLog.java:173]-Initializing Spring embedded WebApplicationContext
2019-10-3113:43:52.683-INFO [ServletWebServerApplicationContext.java:285]-Root WebApplicationContext: initialization completed in 3170 ms
2019-10-3113:43:52.752-INFO [ServletRegistrationBean.java:187]-Servlet dispatcherServlet mapped to [/]
2019-10-3113:43:52.759-INFO [AbstractFilterRegistrationBean.java:245]-Mapping filter: 'characterEncodingFilter' to: [/*]
2019-10-3113:43:52.760-INFO [AbstractFilterRegistrationBean.java:245]-Mapping filter: 'hiddenHttpMethodFilter' to: [/*]
2019-10-3113:43:52.760-INFO [AbstractFilterRegistrationBean.java:245]-Mapping filter: 'httpPutFormContentFilter' to: [/*]
2019-10-3113:43:52.760-INFO [AbstractFilterRegistrationBean.java:245]-Mapping filter: 'requestContextFilter' to: [/*]
2019-10-3113:43:54.581-INFO [WelcomePageHandlerMapping.java:61]-Adding welcome page template: index
2019-10-3113:43:54.896-INFO [DocumentationPluginsBootstrapper.java:120]-Context refreshed
2019-10-3113:43:54.942-INFO [DocumentationPluginsBootstrapper.java:123]-Found 1 custom documentation plugin(s)
2019-10-3113:43:54.957-INFO [ApiListingReferenceScanner.java:41]-Scanning for api listing references
2019-10-3113:43:55.298-INFO [CachingOperationNameGenerator.java:40]-Generating unique operation named: listUsingGET_1
2019-10-3113:43:55.300-INFO [CachingOperationNameGenerator.java:40]-Generating unique operation named: listDataUsingGET_1
2019-10-3113:43:55.338-INFO [ScheduledAnnotationBeanPostProcessor.java:295]-No TaskScheduler/ScheduledExecutorService bean found for scheduled processing
2019-10-3113:43:55.347-INFO [DirectJDKLog.java:173]-Starting ProtocolHandler ["http-nio-9999"]
2019-10-3113:43:55.374-INFO [TomcatWebServer.java:206]-Tomcat started on port(s): 9999 (http) with context path ''
2019-10-3113:43:55.377-INFO [StartupInfoLogger.java:59]-Started SunWebApplication in 6.955 seconds (JVM running for 8.928)
2019-10-3113:44:15.067-INFO [DirectJDKLog.java:173]-Initializing Spring DispatcherServlet 'dispatcherServlet'
2019-10-3113:44:15.067-INFO [FrameworkServlet.java:524]-Initializing Servlet 'dispatcherServlet'
2019-10-3113:44:15.079-INFO [FrameworkServlet.java:546]-Completed initialization in 12 ms
2019-10-3113:44:24.367-INFO [SunLoginController.java:40]-{"attributeNames":["kkkkkkkkk"],"creationTime":1572500661612,"id":"1493F6BED5840241635916049872049D","lastAccessedTime":1572500661612,"maxInactiveInterval":1800,"new":true,"servletContext":{"attributeNames":["javax.servlet.context.tempdir","org.apache.catalina.resources","org.springframework.web.context.WebApplicationContext.ROOT","org.springframework.web.context.support.ServletContextScope","org.apache.tomcat.InstanceManager","org.apache.catalina.jsp_classpath","javax.websocket.server.ServerContainer","org.apache.tomcat.JarScanner","org.springframework.web.servlet.FrameworkServlet.CONTEXT.dispatcherServlet"],"contextPath":"","defaultSessionTrackingModes":["COOKIE","URL"],"effectiveMajorVersion":3,"effectiveMinorVersion":0,"effectiveSessionTrackingModes":["COOKIE","URL"],"filterRegistrations":{"requestContextFilter":{"className":"org.springframework.boot.web.servlet.filter.OrderedRequestContextFilter","initParameters":{},"name":"requestContextFilter","servletNameMappings":[],"urlPatternMappings":["/*"]},"Tomcat WebSocket (JSR356) Filter":{"className":"org.apache.tomcat.websocket.server.WsFilter","initParameters":{},"name":"Tomcat WebSocket (JSR356) Filter","servletNameMappings":[],"urlPatternMappings":["/*"]},"httpPutFormContentFilter":{"className":"org.springframework.boot.web.servlet.filter.OrderedHttpPutFormContentFilter","initParameters":{},"name":"httpPutFormContentFilter","servletNameMappings":[],"urlPatternMappings":["/*"]},"hiddenHttpMethodFilter":{"className":"org.springframework.boot.web.servlet.filter.OrderedHiddenHttpMethodFilter","initParameters":{},"name":"hiddenHttpMethodFilter","servletNameMappings":[],"urlPatternMappings":["/*"]},"characterEncodingFilter":{"className":"org.springframework.boot.web.servlet.filter.OrderedCharacterEncodingFilter","initParameters":{},"name":"characterEncodingFilter","servletNameMappings":[],"urlPatternMappings":["/*"]}},"initParameterNames":[],"majorVersion":4,"minorVersion":0,"serverInfo":"Apache Tomcat/9.0.19","servletContextName":"application","servletNames":[],"servletRegistrations":{"default":{"className":"org.apache.catalina.servlets.DefaultServlet","initParameters":{"listings":"false","debug":"0"},"mappings":[],"name":"default"},"dispatcherServlet":{"className":"org.springframework.web.servlet.DispatcherServlet","initParameters":{},"mappings":["/"],"name":"dispatcherServlet"}},"servlets":[],"sessionCookieConfig":{"httpOnly":false,"maxAge":-1,"secure":false},"sessionTimeout":30,"virtualServerName":"Tomcat/localhost"},"sessionContext":{"ids":[]},"valueNames":["kkkkkkkkk"]}
2019-10-3113:44:41.314-INFO [SunLoginController.java:42]-["1"]
2019-10-3113:44:42.493-INFO [SunLoginController.java:43]-登录成功,存储session:
2019-10-3113:44:48.282-INFO [LogInSwagger2Interceptor.java:29]-LogInSwagger2Interceptor.preHandle()
2019-10-3113:44:58.202-INFO [LogInSwagger2Interceptor.java:31]-{"attributeNames":["kkkkkkkkk"],"creationTime":1572500661612,"id":"1493F6BED5840241635916049872049D","lastAccessedTime":1572500685404,"maxInactiveInterval":1800,"new":false,"servletContext":{"attributeNames":["javax.servlet.context.tempdir","org.apache.catalina.resources","org.springframework.web.context.WebApplicationContext.ROOT","org.springframework.web.context.support.ServletContextScope","org.apache.tomcat.InstanceManager","org.apache.catalina.jsp_classpath","javax.websocket.server.ServerContainer","org.apache.tomcat.JarScanner","org.springframework.web.servlet.FrameworkServlet.CONTEXT.dispatcherServlet"],"contextPath":"","defaultSessionTrackingModes":["COOKIE","URL"],"effectiveMajorVersion":3,"effectiveMinorVersion":0,"effectiveSessionTrackingModes":["COOKIE","URL"],"filterRegistrations":{"requestContextFilter":{"className":"org.springframework.boot.web.servlet.filter.OrderedRequestContextFilter","initParameters":{},"name":"requestContextFilter","servletNameMappings":[],"urlPatternMappings":["/*"]},"Tomcat WebSocket (JSR356) Filter":{"className":"org.apache.tomcat.websocket.server.WsFilter","initParameters":{},"name":"Tomcat WebSocket (JSR356) Filter","servletNameMappings":[],"urlPatternMappings":["/*"]},"httpPutFormContentFilter":{"className":"org.springframework.boot.web.servlet.filter.OrderedHttpPutFormContentFilter","initParameters":{},"name":"httpPutFormContentFilter","servletNameMappings":[],"urlPatternMappings":["/*"]},"hiddenHttpMethodFilter":{"className":"org.springframework.boot.web.servlet.filter.OrderedHiddenHttpMethodFilter","initParameters":{},"name":"hiddenHttpMethodFilter","servletNameMappings":[],"urlPatternMappings":["/*"]},"characterEncodingFilter":{"className":"org.springframework.boot.web.servlet.filter.OrderedCharacterEncodingFilter","initParameters":{},"name":"characterEncodingFilter","servletNameMappings":[],"urlPatternMappings":["/*"]}},"initParameterNames":[],"majorVersion":4,"minorVersion":0,"serverInfo":"Apache Tomcat/9.0.19","servletContextName":"application","servletNames":[],"servletRegistrations":{"default":{"className":"org.apache.catalina.servlets.DefaultServlet","initParameters":{"listings":"false","debug":"0"},"mappings":[],"name":"default"},"dispatcherServlet":{"className":"org.springframework.web.servlet.DispatcherServlet","initParameters":{},"mappings":["/"],"name":"dispatcherServlet"}},"servlets":[],"sessionCookieConfig":{"httpOnly":false,"maxAge":-1,"secure":false},"sessionTimeout":30,"virtualServerName":"Tomcat/localhost"},"sessionContext":{"ids":[]},"valueNames":["kkkkkkkkk"]}
2019-10-3114:00:54.555-INFO [SunLoginController.java:40]-{"attributeNames":["kkkkkkkkk"],"creationTime":1572500661612,"id":"1493F6BED5840241635916049872049D","lastAccessedTime":1572500717494,"maxInactiveInterval":1800,"new":false,"servletContext":{"attributeNames":["javax.servlet.context.tempdir","org.apache.catalina.resources","org.springframework.web.context.WebApplicationContext.ROOT","org.springframework.web.context.support.ServletContextScope","org.apache.tomcat.InstanceManager","org.apache.catalina.jsp_classpath","javax.websocket.server.ServerContainer","org.apache.tomcat.JarScanner","org.springframework.web.servlet.FrameworkServlet.CONTEXT.dispatcherServlet"],"contextPath":"","defaultSessionTrackingModes":["COOKIE","URL"],"effectiveMajorVersion":3,"effectiveMinorVersion":0,"effectiveSessionTrackingModes":["COOKIE","URL"],"filterRegistrations":{"requestContextFilter":{"className":"org.springframework.boot.web.servlet.filter.OrderedRequestContextFilter","initParameters":{},"name":"requestContextFilter","servletNameMappings":[],"urlPatternMappings":["/*"]},"Tomcat WebSocket (JSR356) Filter":{"className":"org.apache.tomcat.websocket.server.WsFilter","initParameters":{},"name":"Tomcat WebSocket (JSR356) Filter","servletNameMappings":[],"urlPatternMappings":["/*"]},"httpPutFormContentFilter":{"className":"org.springframework.boot.web.servlet.filter.OrderedHttpPutFormContentFilter","initParameters":{},"name":"httpPutFormContentFilter","servletNameMappings":[],"urlPatternMappings":["/*"]},"hiddenHttpMethodFilter":{"className":"org.springframework.boot.web.servlet.filter.OrderedHiddenHttpMethodFilter","initParameters":{},"name":"hiddenHttpMethodFilter","servletNameMappings":[],"urlPatternMappings":["/*"]},"characterEncodingFilter":{"className":"org.springframework.boot.web.servlet.filter.OrderedCharacterEncodingFilter","initParameters":{},"name":"characterEncodingFilter","servletNameMappings":[],"urlPatternMappings":["/*"]}},"initParameterNames":[],"majorVersion":4,"minorVersion":0,"serverInfo":"Apache Tomcat/9.0.19","servletContextName":"application","servletNames":[],"servletRegistrations":{"default":{"className":"org.apache.catalina.servlets.DefaultServlet","initParameters":{"listings":"false","debug":"0"},"mappings":[],"name":"default"},"dispatcherServlet":{"className":"org.springframework.web.servlet.DispatcherServlet","initParameters":{},"mappings":["/"],"name":"dispatcherServlet"}},"servlets":[],"sessionCookieConfig":{"httpOnly":false,"maxAge":-1,"secure":false},"sessionTimeout":30,"virtualServerName":"Tomcat/localhost"},"sessionContext":{"ids":[]},"valueNames":["kkkkkkkkk"]}
2019-10-3114:01:07.816-INFO [SunLoginController.java:42]-["1"]
2019-10-3114:01:09.142-INFO [SunLoginController.java:43]-登录成功,存储session:
2019-10-3114:01:34.554-INFO [LogInSwagger2Interceptor.java:29]-LogInSwagger2Interceptor.preHandle()
2019-10-3114:01:36.202-INFO [LogInSwagger2Interceptor.java:31]-{"attributeNames":["kkkkkkkkk"],"creationTime":1572500661612,"id":"1493F6BED5840241635916049872049D","lastAccessedTime":1572501680701,"maxInactiveInterval":1800,"new":false,"servletContext":{"attributeNames":["javax.servlet.context.tempdir","org.apache.catalina.resources","org.springframework.web.context.WebApplicationContext.ROOT","org.springframework.web.context.support.ServletContextScope","org.apache.tomcat.InstanceManager","org.apache.catalina.jsp_classpath","javax.websocket.server.ServerContainer","org.apache.tomcat.JarScanner","org.springframework.web.servlet.FrameworkServlet.CONTEXT.dispatcherServlet"],"contextPath":"","defaultSessionTrackingModes":["COOKIE","URL"],"effectiveMajorVersion":3,"effectiveMinorVersion":0,"effectiveSessionTrackingModes":["COOKIE","URL"],"filterRegistrations":{"requestContextFilter":{"className":"org.springframework.boot.web.servlet.filter.OrderedRequestContextFilter","initParameters":{},"name":"requestContextFilter","servletNameMappings":[],"urlPatternMappings":["/*"]},"Tomcat WebSocket (JSR356) Filter":{"className":"org.apache.tomcat.websocket.server.WsFilter","initParameters":{},"name":"Tomcat WebSocket (JSR356) Filter","servletNameMappings":[],"urlPatternMappings":["/*"]},"httpPutFormContentFilter":{"className":"org.springframework.boot.web.servlet.filter.OrderedHttpPutFormContentFilter","initParameters":{},"name":"httpPutFormContentFilter","servletNameMappings":[],"urlPatternMappings":["/*"]},"hiddenHttpMethodFilter":{"className":"org.springframework.boot.web.servlet.filter.OrderedHiddenHttpMethodFilter","initParameters":{},"name":"hiddenHttpMethodFilter","servletNameMappings":[],"urlPatternMappings":["/*"]},"characterEncodingFilter":{"className":"org.springframework.boot.web.servlet.filter.OrderedCharacterEncodingFilter","initParameters":{},"name":"characterEncodingFilter","servletNameMappings":[],"urlPatternMappings":["/*"]}},"initParameterNames":[],"majorVersion":4,"minorVersion":0,"serverInfo":"Apache Tomcat/9.0.19","servletContextName":"application","servletNames":[],"servletRegistrations":{"default":{"className":"org.apache.catalina.servlets.DefaultServlet","initParameters":{"listings":"false","debug":"0"},"mappings":[],"name":"default"},"dispatcherServlet":{"className":"org.springframework.web.servlet.DispatcherServlet","initParameters":{},"mappings":["/"],"name":"dispatcherServlet"}},"servlets":[],"sessionCookieConfig":{"httpOnly":false,"maxAge":-1,"secure":false},"sessionTimeout":30,"virtualServerName":"Tomcat/localhost"},"sessionContext":{"ids":[]},"valueNames":["kkkkkkkkk"]}
2019-10-3114:12:06.916-INFO [StartupInfoLogger.java:50]-Starting SunWebApplication on DESKTOP-6B5D8GA with PID 17244 (started by DELL in F:\代码模板\java_template)
2019-10-3114:12:06.925-INFO [SpringApplication.java:666]-The following profiles are active: dev
2019-10-3114:12:08.605-INFO [RepositoryConfigurationDelegate.java:244]-Multiple Spring Data modules found, entering strict repository configuration mode!
2019-10-3114:12:08.607-INFO [RepositoryConfigurationDelegate.java:126]-Bootstrapping Spring Data repositories in DEFAULT mode.
2019-10-3114:12:08.651-INFO [RepositoryConfigurationDelegate.java:182]-Finished Spring Data repository scanning in 29ms. Found 0 repository interfaces.
2019-10-3114:12:09.017-INFO [PostProcessorRegistrationDelegate.java:330]-Bean 'redisConfig' of type [com.sun.web.config.RedisConfig$$EnhancerBySpringCGLIB$$2b5dfeae] is not eligible for getting processed by all BeanPostProcessors (for example: not eligible for auto-proxying)
2019-10-3114:12:09.028-INFO [PostProcessorRegistrationDelegate.java:330]-Bean 'org.springframework.transaction.annotation.ProxyTransactionManagementConfiguration' of type [org.springframework.transaction.annotation.ProxyTransactionManagementConfiguration$$EnhancerBySpringCGLIB$$959016ef] is not eligible for getting processed by all BeanPostProcessors (for example: not eligible for auto-proxying)
2019-10-3114:12:09.463-INFO [TomcatWebServer.java:91]-Tomcat initialized with port(s): 9999 (http)
2019-10-3114:12:09.480-INFO [DirectJDKLog.java:173]-Initializing ProtocolHandler ["http-nio-9999"]
2019-10-3114:12:09.491-INFO [DirectJDKLog.java:173]-Starting service [Tomcat]
2019-10-3114:12:09.491-INFO [DirectJDKLog.java:173]-Starting Servlet engine: [Apache Tomcat/9.0.19]
2019-10-3114:12:09.495-INFO [DirectJDKLog.java:173]-The APR based Apache Tomcat Native library which allows optimal performance in production environments was not found on the java.library.path: [C:\Program Files\Java\jdk1.8.0_101\bin;C:\WINDOWS\Sun\Java\bin;C:\WINDOWS\system32;C:\WINDOWS;D:\util\xshell6\;C:\ProgramData\Oracle\Java\javapath;C:\Program Files (x86)\Intel\iCLS Client\;C:\Program Files\Intel\iCLS Client\;C:\Windows\system32;C:\Windows;C:\Windows\System32\Wbem;C:\Windows\System32\WindowsPowerShell\v1.0\;C:\Program Files (x86)\Intel\Intel(R) Management Engine Components\DAL;C:\Program Files\Intel\Intel(R) Management Engine Components\DAL;C:\Program Files (x86)\Intel\Intel(R) Management Engine Components\IPT;C:\Program Files\Intel\Intel(R) Management Engine Components\IPT;C:\Program Files\Java\jdk1.8.0_101\bin;C:\Program Files\Java\jdk1.8.0_101\jre\bin;D:\apache-maven-3.5.4\bin;C:\WINDOWS\system32;C:\WINDOWS;C:\WINDOWS\System32\Wbem;C:\WINDOWS\System32\WindowsPowerShell\v1.0\;C:\WINDOWS\System32\OpenSSH\;D:\work\git\Git\cmd;D:\util\TorGit\bin;D:\Python;D:\util\TorSvn\bin;C:\Users\DELL\AppData\Local\Microsoft\WindowsApps;;C:\Users\DELL\AppData\Local\Microsoft\WindowsApps;D:\util\WebStorm 2019.2.2\bin;;.]
2019-10-3114:12:09.693-INFO [DirectJDKLog.java:173]-Initializing Spring embedded WebApplicationContext
2019-10-3114:12:09.693-INFO [ServletWebServerApplicationContext.java:285]-Root WebApplicationContext: initialization completed in 2617 ms
2019-10-3114:12:09.745-INFO [ServletRegistrationBean.java:187]-Servlet dispatcherServlet mapped to [/]
2019-10-3114:12:09.751-INFO [AbstractFilterRegistrationBean.java:245]-Mapping filter: 'characterEncodingFilter' to: [/*]
2019-10-3114:12:09.752-INFO [AbstractFilterRegistrationBean.java:245]-Mapping filter: 'hiddenHttpMethodFilter' to: [/*]
2019-10-3114:12:09.752-INFO [AbstractFilterRegistrationBean.java:245]-Mapping filter: 'httpPutFormContentFilter' to: [/*]
2019-10-3114:12:09.752-INFO [AbstractFilterRegistrationBean.java:245]-Mapping filter: 'requestContextFilter' to: [/*]
2019-10-3114:12:11.815-INFO [WelcomePageHandlerMapping.java:61]-Adding welcome page template: index
2019-10-3114:12:12.082-INFO [DocumentationPluginsBootstrapper.java:120]-Context refreshed
2019-10-3114:12:12.148-INFO [DocumentationPluginsBootstrapper.java:123]-Found 1 custom documentation plugin(s)
2019-10-3114:12:12.162-INFO [ApiListingReferenceScanner.java:41]-Scanning for api listing references
2019-10-3114:12:12.435-INFO [CachingOperationNameGenerator.java:40]-Generating unique operation named: listUsingGET_1
2019-10-3114:12:12.436-INFO [CachingOperationNameGenerator.java:40]-Generating unique operation named: listDataUsingGET_1
2019-10-3114:12:12.460-INFO [ScheduledAnnotationBeanPostProcessor.java:295]-No TaskScheduler/ScheduledExecutorService bean found for scheduled processing
2019-10-3114:12:12.469-INFO [DirectJDKLog.java:173]-Starting ProtocolHandler ["http-nio-9999"]
2019-10-3114:12:12.493-INFO [TomcatWebServer.java:206]-Tomcat started on port(s): 9999 (http) with context path ''
2019-10-3114:12:12.496-INFO [StartupInfoLogger.java:59]-Started SunWebApplication in 6.622 seconds (JVM running for 8.323)
2019-10-3114:12:37.552-INFO [DirectJDKLog.java:173]-Initializing Spring DispatcherServlet 'dispatcherServlet'
2019-10-3114:12:37.553-INFO [FrameworkServlet.java:524]-Initializing Servlet 'dispatcherServlet'
2019-10-3114:12:37.560-INFO [FrameworkServlet.java:546]-Completed initialization in 7 ms
2019-10-3114:12:46.492-INFO [LogInSwagger2Interceptor.java:31]-LogInSwagger2Interceptor.preHandle()
2019-10-3114:13:48.280-INFO [SunLoginController.java:42]-登录成功,存储session:
2019-10-3114:15:31.397-INFO [null:-1]-登录成功,存储session:
2019-10-3114:15:35.515-INFO [LogInSwagger2Interceptor.java:31]-LogInSwagger2Interceptor.preHandle()
2019-10-3114:15:42.143-INFO [LogInSwagger2Interceptor.java:46]-LogInSwagger2Interceptor.postHandle()
2019-10-3114:15:42.143-INFO [LogInSwagger2Interceptor.java:52]-LogInSwagger2Interceptor.afterCompletion()
2019-10-3114:27:54.225-INFO [StartupInfoLogger.java:50]-Starting SunWebApplication on DESKTOP-6B5D8GA with PID 16240 (started by DELL in F:\代码模板\java_template)
2019-10-3114:27:54.240-INFO [SpringApplication.java:666]-The following profiles are active: dev
2019-10-3114:27:56.712-INFO [RepositoryConfigurationDelegate.java:244]-Multiple Spring Data modules found, entering strict repository configuration mode!
2019-10-3114:27:56.716-INFO [RepositoryConfigurationDelegate.java:126]-Bootstrapping Spring Data repositories in DEFAULT mode.
2019-10-3114:27:56.824-INFO [RepositoryConfigurationDelegate.java:182]-Finished Spring Data repository scanning in 57ms. Found 0 repository interfaces.
2019-10-3114:27:57.404-INFO [PostProcessorRegistrationDelegate.java:330]-Bean 'redisConfig' of type [com.sun.web.config.RedisConfig$$EnhancerBySpringCGLIB$$bbdf694] is not eligible for getting processed by all BeanPostProcessors (for example: not eligible for auto-proxying)
2019-10-3114:27:57.411-INFO [PostProcessorRegistrationDelegate.java:330]-Bean 'org.springframework.transaction.annotation.ProxyTransactionManagementConfiguration' of type [org.springframework.transaction.annotation.ProxyTransactionManagementConfiguration$$EnhancerBySpringCGLIB$$75f00ed5] is not eligible for getting processed by all BeanPostProcessors (for example: not eligible for auto-proxying)
2019-10-3114:27:57.871-INFO [TomcatWebServer.java:91]-Tomcat initialized with port(s): 9999 (http)
2019-10-3114:27:57.885-INFO [DirectJDKLog.java:173]-Initializing ProtocolHandler ["http-nio-9999"]
2019-10-3114:27:57.893-INFO [DirectJDKLog.java:173]-Starting service [Tomcat]
2019-10-3114:27:57.893-INFO [DirectJDKLog.java:173]-Starting Servlet engine: [Apache Tomcat/9.0.19]
2019-10-3114:27:57.896-INFO [DirectJDKLog.java:173]-The APR based Apache Tomcat Native library which allows optimal performance in production environments was not found on the java.library.path: [C:\Program Files\Java\jdk1.8.0_101\bin;C:\WINDOWS\Sun\Java\bin;C:\WINDOWS\system32;C:\WINDOWS;D:\util\xshell6\;C:\ProgramData\Oracle\Java\javapath;C:\Program Files (x86)\Intel\iCLS Client\;C:\Program Files\Intel\iCLS Client\;C:\Windows\system32;C:\Windows;C:\Windows\System32\Wbem;C:\Windows\System32\WindowsPowerShell\v1.0\;C:\Program Files (x86)\Intel\Intel(R) Management Engine Components\DAL;C:\Program Files\Intel\Intel(R) Management Engine Components\DAL;C:\Program Files (x86)\Intel\Intel(R) Management Engine Components\IPT;C:\Program Files\Intel\Intel(R) Management Engine Components\IPT;C:\Program Files\Java\jdk1.8.0_101\bin;C:\Program Files\Java\jdk1.8.0_101\jre\bin;D:\apache-maven-3.5.4\bin;C:\WINDOWS\system32;C:\WINDOWS;C:\WINDOWS\System32\Wbem;C:\WINDOWS\System32\WindowsPowerShell\v1.0\;C:\WINDOWS\System32\OpenSSH\;D:\work\git\Git\cmd;D:\util\TorGit\bin;D:\Python;D:\util\TorSvn\bin;C:\Users\DELL\AppData\Local\Microsoft\WindowsApps;;C:\Users\DELL\AppData\Local\Microsoft\WindowsApps;D:\util\WebStorm 2019.2.2\bin;;.]
2019-10-3114:27:58.023-INFO [DirectJDKLog.java:173]-Initializing Spring embedded WebApplicationContext
2019-10-3114:27:58.023-INFO [ServletWebServerApplicationContext.java:285]-Root WebApplicationContext: initialization completed in 3698 ms
2019-10-3114:27:58.064-INFO [ServletRegistrationBean.java:187]-Servlet dispatcherServlet mapped to [/]
2019-10-3114:27:58.068-INFO [AbstractFilterRegistrationBean.java:245]-Mapping filter: 'characterEncodingFilter' to: [/*]
2019-10-3114:27:58.069-INFO [AbstractFilterRegistrationBean.java:245]-Mapping filter: 'hiddenHttpMethodFilter' to: [/*]
2019-10-3114:27:58.069-INFO [AbstractFilterRegistrationBean.java:245]-Mapping filter: 'httpPutFormContentFilter' to: [/*]
2019-10-3114:27:58.069-INFO [AbstractFilterRegistrationBean.java:245]-Mapping filter: 'requestContextFilter' to: [/*]
2019-10-3114:27:59.877-INFO [WelcomePageHandlerMapping.java:61]-Adding welcome page template: index
2019-10-3114:28:00.158-INFO [DocumentationPluginsBootstrapper.java:120]-Context refreshed
2019-10-3114:28:00.206-INFO [DocumentationPluginsBootstrapper.java:123]-Found 1 custom documentation plugin(s)
2019-10-3114:28:00.216-INFO [ApiListingReferenceScanner.java:41]-Scanning for api listing references
2019-10-3114:28:00.562-INFO [CachingOperationNameGenerator.java:40]-Generating unique operation named: listUsingGET_1
2019-10-3114:28:00.563-INFO [CachingOperationNameGenerator.java:40]-Generating unique operation named: listDataUsingGET_1
2019-10-3114:28:00.585-INFO [ScheduledAnnotationBeanPostProcessor.java:295]-No TaskScheduler/ScheduledExecutorService bean found for scheduled processing
2019-10-3114:28:00.593-INFO [DirectJDKLog.java:173]-Starting ProtocolHandler ["http-nio-9999"]
2019-10-3114:28:00.614-INFO [TomcatWebServer.java:206]-Tomcat started on port(s): 9999 (http) with context path ''
2019-10-3114:28:00.617-INFO [StartupInfoLogger.java:59]-Started SunWebApplication in 6.973 seconds (JVM running for 8.41)
2019-10-3114:28:39.304-INFO [DirectJDKLog.java:173]-Initializing Spring DispatcherServlet 'dispatcherServlet'
2019-10-3114:28:39.305-INFO [FrameworkServlet.java:524]-Initializing Servlet 'dispatcherServlet'
2019-10-3114:28:39.312-INFO [FrameworkServlet.java:546]-Completed initialization in 7 ms
2019-10-3114:28:39.344-INFO [LogInSwagger2Interceptor.java:31]-LogInSwagger2Interceptor.preHandle()
2019-10-3114:32:51.687-INFO [StartupInfoLogger.java:50]-Starting SunWebApplication on DESKTOP-6B5D8GA with PID 19432 (started by DELL in F:\代码模板\java_template)
2019-10-3114:32:51.690-INFO [SpringApplication.java:666]-The following profiles are active: dev
2019-10-3114:32:52.698-INFO [RepositoryConfigurationDelegate.java:244]-Multiple Spring Data modules found, entering strict repository configuration mode!
2019-10-3114:32:52.701-INFO [RepositoryConfigurationDelegate.java:126]-Bootstrapping Spring Data repositories in DEFAULT mode.
2019-10-3114:32:52.743-INFO [RepositoryConfigurationDelegate.java:182]-Finished Spring Data repository scanning in 26ms. Found 0 repository interfaces.
2019-10-3114:32:53.131-INFO [PostProcessorRegistrationDelegate.java:330]-Bean 'redisConfig' of type [com.sun.web.config.RedisConfig$$EnhancerBySpringCGLIB$$38402e77] is not eligible for getting processed by all BeanPostProcessors (for example: not eligible for auto-proxying)
2019-10-3114:32:53.141-INFO [PostProcessorRegistrationDelegate.java:330]-Bean 'org.springframework.transaction.annotation.ProxyTransactionManagementConfiguration' of type [org.springframework.transaction.annotation.ProxyTransactionManagementConfiguration$$EnhancerBySpringCGLIB$$a27246b8] is not eligible for getting processed by all BeanPostProcessors (for example: not eligible for auto-proxying)
2019-10-3114:32:53.544-INFO [TomcatWebServer.java:91]-Tomcat initialized with port(s): 9999 (http)
2019-10-3114:32:53.561-INFO [DirectJDKLog.java:173]-Initializing ProtocolHandler ["http-nio-9999"]
2019-10-3114:32:53.569-INFO [DirectJDKLog.java:173]-Starting service [Tomcat]
2019-10-3114:32:53.570-INFO [DirectJDKLog.java:173]-Starting Servlet engine: [Apache Tomcat/9.0.19]
2019-10-3114:32:53.573-INFO [DirectJDKLog.java:173]-The APR based Apache Tomcat Native library which allows optimal performance in production environments was not found on the java.library.path: [C:\Program Files\Java\jdk1.8.0_101\bin;C:\WINDOWS\Sun\Java\bin;C:\WINDOWS\system32;C:\WINDOWS;D:\util\xshell6\;C:\ProgramData\Oracle\Java\javapath;C:\Program Files (x86)\Intel\iCLS Client\;C:\Program Files\Intel\iCLS Client\;C:\Windows\system32;C:\Windows;C:\Windows\System32\Wbem;C:\Windows\System32\WindowsPowerShell\v1.0\;C:\Program Files (x86)\Intel\Intel(R) Management Engine Components\DAL;C:\Program Files\Intel\Intel(R) Management Engine Components\DAL;C:\Program Files (x86)\Intel\Intel(R) Management Engine Components\IPT;C:\Program Files\Intel\Intel(R) Management Engine Components\IPT;C:\Program Files\Java\jdk1.8.0_101\bin;C:\Program Files\Java\jdk1.8.0_101\jre\bin;D:\apache-maven-3.5.4\bin;C:\WINDOWS\system32;C:\WINDOWS;C:\WINDOWS\System32\Wbem;C:\WINDOWS\System32\WindowsPowerShell\v1.0\;C:\WINDOWS\System32\OpenSSH\;D:\work\git\Git\cmd;D:\util\TorGit\bin;D:\Python;D:\util\TorSvn\bin;C:\Users\DELL\AppData\Local\Microsoft\WindowsApps;;C:\Users\DELL\AppData\Local\Microsoft\WindowsApps;D:\util\WebStorm 2019.2.2\bin;;.]
2019-10-3114:32:53.758-INFO [DirectJDKLog.java:173]-Initializing Spring embedded WebApplicationContext
2019-10-3114:32:53.759-INFO [ServletWebServerApplicationContext.java:285]-Root WebApplicationContext: initialization completed in 1999 ms
2019-10-3114:32:53.803-INFO [ServletRegistrationBean.java:187]-Servlet dispatcherServlet mapped to [/]
2019-10-3114:32:53.810-INFO [AbstractFilterRegistrationBean.java:245]-Mapping filter: 'characterEncodingFilter' to: [/*]
2019-10-3114:32:53.810-INFO [AbstractFilterRegistrationBean.java:245]-Mapping filter: 'hiddenHttpMethodFilter' to: [/*]
2019-10-3114:32:53.811-INFO [AbstractFilterRegistrationBean.java:245]-Mapping filter: 'httpPutFormContentFilter' to: [/*]
2019-10-3114:32:53.811-INFO [AbstractFilterRegistrationBean.java:245]-Mapping filter: 'requestContextFilter' to: [/*]
2019-10-3114:32:55.254-INFO [WelcomePageHandlerMapping.java:61]-Adding welcome page template: index
2019-10-3114:32:55.498-INFO [DocumentationPluginsBootstrapper.java:120]-Context refreshed
2019-10-3114:32:55.517-INFO [DocumentationPluginsBootstrapper.java:123]-Found 1 custom documentation plugin(s)
2019-10-3114:32:55.530-INFO [ApiListingReferenceScanner.java:41]-Scanning for api listing references
2019-10-3114:32:55.790-INFO [CachingOperationNameGenerator.java:40]-Generating unique operation named: listUsingGET_1
2019-10-3114:32:55.791-INFO [CachingOperationNameGenerator.java:40]-Generating unique operation named: listDataUsingGET_1
2019-10-3114:32:55.819-INFO [ScheduledAnnotationBeanPostProcessor.java:295]-No TaskScheduler/ScheduledExecutorService bean found for scheduled processing
2019-10-3114:32:55.828-INFO [DirectJDKLog.java:173]-Starting ProtocolHandler ["http-nio-9999"]
2019-10-3114:32:55.853-INFO [TomcatWebServer.java:206]-Tomcat started on port(s): 9999 (http) with context path ''
2019-10-3114:32:55.856-INFO [StartupInfoLogger.java:59]-Started SunWebApplication in 4.857 seconds (JVM running for 6.353)
2019-10-3114:33:19.636-INFO [DirectJDKLog.java:173]-Initializing Spring DispatcherServlet 'dispatcherServlet'
2019-10-3114:33:19.636-INFO [FrameworkServlet.java:524]-Initializing Servlet 'dispatcherServlet'
2019-10-3114:33:19.660-INFO [FrameworkServlet.java:546]-Completed initialization in 24 ms
2019-10-3114:44:49.280-INFO [StartupInfoLogger.java:50]-Starting SunWebApplication on DESKTOP-6B5D8GA with PID 3808 (started by DELL in F:\代码模板\java_template)
2019-10-3114:44:49.282-INFO [SpringApplication.java:666]-The following profiles are active: dev
2019-10-3114:44:51.144-INFO [RepositoryConfigurationDelegate.java:244]-Multiple Spring Data modules found, entering strict repository configuration mode!
2019-10-3114:44:51.147-INFO [RepositoryConfigurationDelegate.java:126]-Bootstrapping Spring Data repositories in DEFAULT mode.
2019-10-3114:44:51.195-INFO [RepositoryConfigurationDelegate.java:182]-Finished Spring Data repository scanning in 30ms. Found 0 repository interfaces.
2019-10-3114:44:51.544-INFO [PostProcessorRegistrationDelegate.java:330]-Bean 'redisConfig' of type [com.sun.web.config.RedisConfig$$EnhancerBySpringCGLIB$$25bc7fb5] is not eligible for getting processed by all BeanPostProcessors (for example: not eligible for auto-proxying)
2019-10-3114:44:51.551-INFO [PostProcessorRegistrationDelegate.java:330]-Bean 'org.springframework.transaction.annotation.ProxyTransactionManagementConfiguration' of type [org.springframework.transaction.annotation.ProxyTransactionManagementConfiguration$$EnhancerBySpringCGLIB$$8fee97f6] is not eligible for getting processed by all BeanPostProcessors (for example: not eligible for auto-proxying)
2019-10-3114:44:51.854-INFO [TomcatWebServer.java:91]-Tomcat initialized with port(s): 9999 (http)
2019-10-3114:44:51.867-INFO [DirectJDKLog.java:173]-Initializing ProtocolHandler ["http-nio-9999"]
2019-10-3114:44:51.875-INFO [DirectJDKLog.java:173]-Starting service [Tomcat]
2019-10-3114:44:51.875-INFO [DirectJDKLog.java:173]-Starting Servlet engine: [Apache Tomcat/9.0.19]
2019-10-3114:44:51.879-INFO [DirectJDKLog.java:173]-The APR based Apache Tomcat Native library which allows optimal performance in production environments was not found on the java.library.path: [C:\Program Files\Java\jdk1.8.0_101\bin;C:\WINDOWS\Sun\Java\bin;C:\WINDOWS\system32;C:\WINDOWS;D:\util\xshell6\;C:\ProgramData\Oracle\Java\javapath;C:\Program Files (x86)\Intel\iCLS Client\;C:\Program Files\Intel\iCLS Client\;C:\Windows\system32;C:\Windows;C:\Windows\System32\Wbem;C:\Windows\System32\WindowsPowerShell\v1.0\;C:\Program Files (x86)\Intel\Intel(R) Management Engine Components\DAL;C:\Program Files\Intel\Intel(R) Management Engine Components\DAL;C:\Program Files (x86)\Intel\Intel(R) Management Engine Components\IPT;C:\Program Files\Intel\Intel(R) Management Engine Components\IPT;C:\Program Files\Java\jdk1.8.0_101\bin;C:\Program Files\Java\jdk1.8.0_101\jre\bin;D:\apache-maven-3.5.4\bin;C:\WINDOWS\system32;C:\WINDOWS;C:\WINDOWS\System32\Wbem;C:\WINDOWS\System32\WindowsPowerShell\v1.0\;C:\WINDOWS\System32\OpenSSH\;D:\work\git\Git\cmd;D:\util\TorGit\bin;D:\Python;D:\util\TorSvn\bin;C:\Users\DELL\AppData\Local\Microsoft\WindowsApps;;C:\Users\DELL\AppData\Local\Microsoft\WindowsApps;D:\util\WebStorm 2019.2.2\bin;;.]
2019-10-3114:44:52.024-INFO [DirectJDKLog.java:173]-Initializing Spring embedded WebApplicationContext
2019-10-3114:44:52.025-INFO [ServletWebServerApplicationContext.java:285]-Root WebApplicationContext: initialization completed in 2665 ms
2019-10-3114:44:52.052-INFO [ServletRegistrationBean.java:187]-Servlet dispatcherServlet mapped to [/]
2019-10-3114:44:52.056-INFO [AbstractFilterRegistrationBean.java:245]-Mapping filter: 'characterEncodingFilter' to: [/*]
2019-10-3114:44:52.056-INFO [AbstractFilterRegistrationBean.java:245]-Mapping filter: 'hiddenHttpMethodFilter' to: [/*]
2019-10-3114:44:52.056-INFO [AbstractFilterRegistrationBean.java:245]-Mapping filter: 'httpPutFormContentFilter' to: [/*]
2019-10-3114:44:52.056-INFO [AbstractFilterRegistrationBean.java:245]-Mapping filter: 'requestContextFilter' to: [/*]
2019-10-3114:44:53.546-INFO [WelcomePageHandlerMapping.java:61]-Adding welcome page template: index
2019-10-3114:44:53.776-INFO [DocumentationPluginsBootstrapper.java:120]-Context refreshed
2019-10-3114:44:53.801-INFO [DocumentationPluginsBootstrapper.java:123]-Found 1 custom documentation plugin(s)
2019-10-3114:44:53.812-INFO [ApiListingReferenceScanner.java:41]-Scanning for api listing references
2019-10-3114:44:54.063-INFO [CachingOperationNameGenerator.java:40]-Generating unique operation named: listUsingGET_1
2019-10-3114:44:54.064-INFO [CachingOperationNameGenerator.java:40]-Generating unique operation named: listDataUsingGET_1
2019-10-3114:44:54.086-INFO [ScheduledAnnotationBeanPostProcessor.java:295]-No TaskScheduler/ScheduledExecutorService bean found for scheduled processing
2019-10-3114:44:54.093-INFO [DirectJDKLog.java:173]-Starting ProtocolHandler ["http-nio-9999"]
2019-10-3114:44:54.113-INFO [TomcatWebServer.java:206]-Tomcat started on port(s): 9999 (http) with context path ''
2019-10-3114:44:54.117-INFO [StartupInfoLogger.java:59]-Started SunWebApplication in 5.486 seconds (JVM running for 6.86)
2019-10-3114:45:01.697-INFO [DirectJDKLog.java:173]-Initializing Spring DispatcherServlet 'dispatcherServlet'
2019-10-3114:45:01.697-INFO [FrameworkServlet.java:524]-Initializing Servlet 'dispatcherServlet'
2019-10-3114:45:01.705-INFO [FrameworkServlet.java:546]-Completed initialization in 8 ms
2019-10-3114:45:01.776-INFO [HikariDataSource.java:110]-HikariPool-1 - Starting...
2019-10-3114:45:02.390-INFO [HikariDataSource.java:123]-HikariPool-1 - Start completed.
2019-10-3114:45:49.187-INFO [StartupInfoLogger.java:50]-Starting SunWebApplication on DESKTOP-6B5D8GA with PID 17480 (started by DELL in F:\代码模板\java_template)
2019-10-3114:45:49.191-INFO [SpringApplication.java:666]-The following profiles are active: dev
2019-10-3114:45:50.284-INFO [RepositoryConfigurationDelegate.java:244]-Multiple Spring Data modules found, entering strict repository configuration mode!
2019-10-3114:45:50.286-INFO [RepositoryConfigurationDelegate.java:126]-Bootstrapping Spring Data repositories in DEFAULT mode.
2019-10-3114:45:50.340-INFO [RepositoryConfigurationDelegate.java:182]-Finished Spring Data repository scanning in 37ms. Found 0 repository interfaces.
2019-10-3114:45:50.745-INFO [PostProcessorRegistrationDelegate.java:330]-Bean 'redisConfig' of type [com.sun.web.config.RedisConfig$$EnhancerBySpringCGLIB$$c02a9e18] is not eligible for getting processed by all BeanPostProcessors (for example: not eligible for auto-proxying)
2019-10-3114:45:50.755-INFO [PostProcessorRegistrationDelegate.java:330]-Bean 'org.springframework.transaction.annotation.ProxyTransactionManagementConfiguration' of type [org.springframework.transaction.annotation.ProxyTransactionManagementConfiguration$$EnhancerBySpringCGLIB$$2a5cb659] is not eligible for getting processed by all BeanPostProcessors (for example: not eligible for auto-proxying)
2019-10-3114:45:51.134-INFO [TomcatWebServer.java:91]-Tomcat initialized with port(s): 9999 (http)
2019-10-3114:45:51.154-INFO [DirectJDKLog.java:173]-Initializing ProtocolHandler ["http-nio-9999"]
2019-10-3114:45:51.166-INFO [DirectJDKLog.java:173]-Starting service [Tomcat]
2019-10-3114:45:51.166-INFO [DirectJDKLog.java:173]-Starting Servlet engine: [Apache Tomcat/9.0.19]
2019-10-3114:45:51.171-INFO [DirectJDKLog.java:173]-The APR based Apache Tomcat Native library which allows optimal performance in production environments was not found on the java.library.path: [C:\Program Files\Java\jdk1.8.0_101\bin;C:\WINDOWS\Sun\Java\bin;C:\WINDOWS\system32;C:\WINDOWS;D:\util\xshell6\;C:\ProgramData\Oracle\Java\javapath;C:\Program Files (x86)\Intel\iCLS Client\;C:\Program Files\Intel\iCLS Client\;C:\Windows\system32;C:\Windows;C:\Windows\System32\Wbem;C:\Windows\System32\WindowsPowerShell\v1.0\;C:\Program Files (x86)\Intel\Intel(R) Management Engine Components\DAL;C:\Program Files\Intel\Intel(R) Management Engine Components\DAL;C:\Program Files (x86)\Intel\Intel(R) Management Engine Components\IPT;C:\Program Files\Intel\Intel(R) Management Engine Components\IPT;C:\Program Files\Java\jdk1.8.0_101\bin;C:\Program Files\Java\jdk1.8.0_101\jre\bin;D:\apache-maven-3.5.4\bin;C:\WINDOWS\system32;C:\WINDOWS;C:\WINDOWS\System32\Wbem;C:\WINDOWS\System32\WindowsPowerShell\v1.0\;C:\WINDOWS\System32\OpenSSH\;D:\work\git\Git\cmd;D:\util\TorGit\bin;D:\Python;D:\util\TorSvn\bin;C:\Users\DELL\AppData\Local\Microsoft\WindowsApps;;C:\Users\DELL\AppData\Local\Microsoft\WindowsApps;D:\util\WebStorm 2019.2.2\bin;;.]
2019-10-3114:45:51.319-INFO [DirectJDKLog.java:173]-Initializing Spring embedded WebApplicationContext
2019-10-3114:45:51.319-INFO [ServletWebServerApplicationContext.java:285]-Root WebApplicationContext: initialization completed in 2069 ms
2019-10-3114:45:51.369-INFO [ServletRegistrationBean.java:187]-Servlet dispatcherServlet mapped to [/]
2019-10-3114:45:51.380-INFO [AbstractFilterRegistrationBean.java:245]-Mapping filter: 'characterEncodingFilter' to: [/*]
2019-10-3114:45:51.381-INFO [AbstractFilterRegistrationBean.java:245]-Mapping filter: 'hiddenHttpMethodFilter' to: [/*]
2019-10-3114:45:51.381-INFO [AbstractFilterRegistrationBean.java:245]-Mapping filter: 'httpPutFormContentFilter' to: [/*]
2019-10-3114:45:51.382-INFO [AbstractFilterRegistrationBean.java:245]-Mapping filter: 'requestContextFilter' to: [/*]
2019-10-3114:45:52.984-INFO [WelcomePageHandlerMapping.java:61]-Adding welcome page template: index
2019-10-3114:45:53.231-INFO [DocumentationPluginsBootstrapper.java:120]-Context refreshed
2019-10-3114:45:53.249-INFO [DocumentationPluginsBootstrapper.java:123]-Found 1 custom documentation plugin(s)
2019-10-3114:45:53.263-INFO [ApiListingReferenceScanner.java:41]-Scanning for api listing references
2019-10-3114:45:53.513-INFO [CachingOperationNameGenerator.java:40]-Generating unique operation named: listUsingGET_1
2019-10-3114:45:53.515-INFO [CachingOperationNameGenerator.java:40]-Generating unique operation named: listDataUsingGET_1
2019-10-3114:45:53.541-INFO [ScheduledAnnotationBeanPostProcessor.java:295]-No TaskScheduler/ScheduledExecutorService bean found for scheduled processing
2019-10-3114:45:53.549-INFO [DirectJDKLog.java:173]-Starting ProtocolHandler ["http-nio-9999"]
2019-10-3114:45:53.576-INFO [TomcatWebServer.java:206]-Tomcat started on port(s): 9999 (http) with context path ''
2019-10-3114:45:53.579-INFO [StartupInfoLogger.java:59]-Started SunWebApplication in 4.856 seconds (JVM running for 6.261)
2019-10-3114:46:04.725-INFO [DirectJDKLog.java:173]-Initializing Spring DispatcherServlet 'dispatcherServlet'
2019-10-3114:46:04.725-INFO [FrameworkServlet.java:524]-Initializing Servlet 'dispatcherServlet'
2019-10-3114:46:04.734-INFO [FrameworkServlet.java:546]-Completed initialization in 9 ms
2019-10-3114:46:09.041-INFO [HikariDataSource.java:110]-HikariPool-1 - Starting...
2019-10-3114:46:09.808-INFO [HikariDataSource.java:123]-HikariPool-1 - Start completed.
2019-10-3114:54:06.310-INFO [StartupInfoLogger.java:50]-Starting SunWebApplication on DESKTOP-6B5D8GA with PID 2896 (started by DELL in F:\代码模板\java_template)
2019-10-3114:54:06.313-INFO [SpringApplication.java:666]-The following profiles are active: dev
2019-10-3114:54:07.517-INFO [RepositoryConfigurationDelegate.java:244]-Multiple Spring Data modules found, entering strict repository configuration mode!
2019-10-3114:54:07.521-INFO [RepositoryConfigurationDelegate.java:126]-Bootstrapping Spring Data repositories in DEFAULT mode.
2019-10-3114:54:07.559-INFO [RepositoryConfigurationDelegate.java:182]-Finished Spring Data repository scanning in 24ms. Found 0 repository interfaces.
2019-10-3114:54:08.027-INFO [PostProcessorRegistrationDelegate.java:330]-Bean 'redisConfig' of type [com.sun.web.config.RedisConfig$$EnhancerBySpringCGLIB$$bf810db1] is not eligible for getting processed by all BeanPostProcessors (for example: not eligible for auto-proxying)
2019-10-3114:54:08.037-INFO [PostProcessorRegistrationDelegate.java:330]-Bean 'org.springframework.transaction.annotation.ProxyTransactionManagementConfiguration' of type [org.springframework.transaction.annotation.ProxyTransactionManagementConfiguration$$EnhancerBySpringCGLIB$$29b325f2] is not eligible for getting processed by all BeanPostProcessors (for example: not eligible for auto-proxying)
2019-10-3114:54:08.390-INFO [TomcatWebServer.java:91]-Tomcat initialized with port(s): 9999 (http)
2019-10-3114:54:08.411-INFO [DirectJDKLog.java:173]-Initializing ProtocolHandler ["http-nio-9999"]
2019-10-3114:54:08.424-INFO [DirectJDKLog.java:173]-Starting service [Tomcat]
2019-10-3114:54:08.425-INFO [DirectJDKLog.java:173]-Starting Servlet engine: [Apache Tomcat/9.0.19]
2019-10-3114:54:08.430-INFO [DirectJDKLog.java:173]-The APR based Apache Tomcat Native library which allows optimal performance in production environments was not found on the java.library.path: [C:\Program Files\Java\jdk1.8.0_101\bin;C:\WINDOWS\Sun\Java\bin;C:\WINDOWS\system32;C:\WINDOWS;D:\util\xshell6\;C:\ProgramData\Oracle\Java\javapath;C:\Program Files (x86)\Intel\iCLS Client\;C:\Program Files\Intel\iCLS Client\;C:\Windows\system32;C:\Windows;C:\Windows\System32\Wbem;C:\Windows\System32\WindowsPowerShell\v1.0\;C:\Program Files (x86)\Intel\Intel(R) Management Engine Components\DAL;C:\Program Files\Intel\Intel(R) Management Engine Components\DAL;C:\Program Files (x86)\Intel\Intel(R) Management Engine Components\IPT;C:\Program Files\Intel\Intel(R) Management Engine Components\IPT;C:\Program Files\Java\jdk1.8.0_101\bin;C:\Program Files\Java\jdk1.8.0_101\jre\bin;D:\apache-maven-3.5.4\bin;C:\WINDOWS\system32;C:\WINDOWS;C:\WINDOWS\System32\Wbem;C:\WINDOWS\System32\WindowsPowerShell\v1.0\;C:\WINDOWS\System32\OpenSSH\;D:\work\git\Git\cmd;D:\util\TorGit\bin;D:\Python;D:\util\TorSvn\bin;C:\Users\DELL\AppData\Local\Microsoft\WindowsApps;;C:\Users\DELL\AppData\Local\Microsoft\WindowsApps;D:\util\WebStorm 2019.2.2\bin;;.]
2019-10-3114:54:08.573-INFO [DirectJDKLog.java:173]-Initializing Spring embedded WebApplicationContext
2019-10-3114:54:08.573-INFO [ServletWebServerApplicationContext.java:285]-Root WebApplicationContext: initialization completed in 2169 ms
2019-10-3114:54:08.614-INFO [ServletRegistrationBean.java:187]-Servlet dispatcherServlet mapped to [/]
2019-10-3114:54:08.647-INFO [AbstractFilterRegistrationBean.java:245]-Mapping filter: 'characterEncodingFilter' to: [/*]
2019-10-3114:54:08.647-INFO [AbstractFilterRegistrationBean.java:245]-Mapping filter: 'hiddenHttpMethodFilter' to: [/*]
2019-10-3114:54:08.648-INFO [AbstractFilterRegistrationBean.java:245]-Mapping filter: 'httpPutFormContentFilter' to: [/*]
2019-10-3114:54:08.648-INFO [AbstractFilterRegistrationBean.java:245]-Mapping filter: 'requestContextFilter' to: [/*]
2019-10-3114:54:09.861-INFO [WelcomePageHandlerMapping.java:61]-Adding welcome page template: index
2019-10-3114:54:10.085-INFO [DocumentationPluginsBootstrapper.java:120]-Context refreshed
2019-10-3114:54:10.102-INFO [DocumentationPluginsBootstrapper.java:123]-Found 1 custom documentation plugin(s)
2019-10-3114:54:10.118-INFO [ApiListingReferenceScanner.java:41]-Scanning for api listing references
2019-10-3114:54:10.365-INFO [CachingOperationNameGenerator.java:40]-Generating unique operation named: listUsingGET_1
2019-10-3114:54:10.366-INFO [CachingOperationNameGenerator.java:40]-Generating unique operation named: listDataUsingGET_1
2019-10-3114:54:10.396-INFO [ScheduledAnnotationBeanPostProcessor.java:295]-No TaskScheduler/ScheduledExecutorService bean found for scheduled processing
2019-10-3114:54:10.407-INFO [DirectJDKLog.java:173]-Starting ProtocolHandler ["http-nio-9999"]
2019-10-3114:54:10.435-INFO [TomcatWebServer.java:206]-Tomcat started on port(s): 9999 (http) with context path ''
2019-10-3114:54:10.438-INFO [StartupInfoLogger.java:59]-Started SunWebApplication in 4.662 seconds (JVM running for 5.955)
2019-10-3114:54:29.330-INFO [DirectJDKLog.java:173]-Initializing Spring DispatcherServlet 'dispatcherServlet'
2019-10-3114:54:29.330-INFO [FrameworkServlet.java:524]-Initializing Servlet 'dispatcherServlet'
2019-10-3114:54:29.338-INFO [FrameworkServlet.java:546]-Completed initialization in 7 ms
2019-10-3114:54:30.892-INFO [HikariDataSource.java:110]-HikariPool-1 - Starting...
2019-10-3114:54:31.410-INFO [HikariDataSource.java:123]-HikariPool-1 - Start completed.
2019-10-3114:54:31.607-INFO [SunLoginController.java:50]-登录成功,存储session="scj"
2019-10-3114:54:33.296-INFO [LogInSwagger2Interceptor.java:31]-LogInSwagger2Interceptor.preHandle()
2019-10-3114:54:33.302-INFO [LogInSwagger2Interceptor.java:46]-LogInSwagger2Interceptor.postHandle()
2019-10-3114:54:33.302-INFO [LogInSwagger2Interceptor.java:52]-LogInSwagger2Interceptor.afterCompletion()
