2019-11-1510:13:46.325-INFO [StartupInfoLogger.java:50]-Starting SunWebApplication on DESKTOP-6B5D8GA with PID 219408 (started by DELL in F:\代码模板\java_template)
2019-11-1510:13:46.354-INFO [SpringApplication.java:666]-The following profiles are active: dev
2019-11-1510:13:50.770-INFO [RepositoryConfigurationDelegate.java:244]-Multiple Spring Data modules found, entering strict repository configuration mode!
2019-11-1510:13:50.774-INFO [RepositoryConfigurationDelegate.java:126]-Bootstrapping Spring Data repositories in DEFAULT mode.
2019-11-1510:13:50.859-INFO [RepositoryConfigurationDelegate.java:182]-Finished Spring Data repository scanning in 61ms. Found 0 repository interfaces.
2019-11-1510:13:51.796-INFO [PostProcessorRegistrationDelegate.java:330]-Bean 'redisConfig' of type [com.sun.web.config.RedisConfig$$EnhancerBySpringCGLIB$$1e5ae2a0] is not eligible for getting processed by all BeanPostProcessors (for example: not eligible for auto-proxying)
2019-11-1510:13:51.833-INFO [PostProcessorRegistrationDelegate.java:330]-Bean 'org.springframework.transaction.annotation.ProxyTransactionManagementConfiguration' of type [org.springframework.transaction.annotation.ProxyTransactionManagementConfiguration$$EnhancerBySpringCGLIB$$888cfae1] is not eligible for getting processed by all BeanPostProcessors (for example: not eligible for auto-proxying)
2019-11-1510:13:52.588-INFO [TomcatWebServer.java:91]-Tomcat initialized with port(s): 9999 (http)
2019-11-1510:13:52.615-INFO [DirectJDKLog.java:173]-Initializing ProtocolHandler ["http-nio-9999"]
2019-11-1510:13:52.631-INFO [DirectJDKLog.java:173]-Starting service [Tomcat]
2019-11-1510:13:52.632-INFO [DirectJDKLog.java:173]-Starting Servlet engine: [Apache Tomcat/9.0.19]
2019-11-1510:13:52.637-INFO [DirectJDKLog.java:173]-The APR based Apache Tomcat Native library which allows optimal performance in production environments was not found on the java.library.path: [C:\Program Files\Java\jdk1.8.0_101\bin;C:\WINDOWS\Sun\Java\bin;C:\WINDOWS\system32;C:\WINDOWS;D:\util\xshell6\;C:\ProgramData\Oracle\Java\javapath;C:\Program Files (x86)\Intel\iCLS Client\;C:\Program Files\Intel\iCLS Client\;C:\Windows\system32;C:\Windows;C:\Windows\System32\Wbem;C:\Windows\System32\WindowsPowerShell\v1.0\;C:\Program Files (x86)\Intel\Intel(R) Management Engine Components\DAL;C:\Program Files\Intel\Intel(R) Management Engine Components\DAL;C:\Program Files (x86)\Intel\Intel(R) Management Engine Components\IPT;C:\Program Files\Intel\Intel(R) Management Engine Components\IPT;C:\Program Files\Java\jdk1.8.0_101\bin;C:\Program Files\Java\jdk1.8.0_101\jre\bin;D:\apache-maven-3.5.4\bin;C:\WINDOWS\system32;C:\WINDOWS;C:\WINDOWS\System32\Wbem;C:\WINDOWS\System32\WindowsPowerShell\v1.0\;C:\WINDOWS\System32\OpenSSH\;D:\work\git\Git\cmd;D:\util\TorGit\bin;D:\Python;D:\util\TorSvn\bin;C:\Users\DELL\AppData\Local\Microsoft\WindowsApps;;C:\Users\DELL\AppData\Local\Microsoft\WindowsApps;D:\util\WebStorm 2019.2.2\bin;;.]
2019-11-1510:13:53.235-INFO [DirectJDKLog.java:173]-Initializing Spring embedded WebApplicationContext
2019-11-1510:13:53.236-INFO [ServletWebServerApplicationContext.java:285]-Root WebApplicationContext: initialization completed in 6502 ms
2019-11-1510:13:53.360-INFO [ServletRegistrationBean.java:187]-Servlet dispatcherServlet mapped to [/]
2019-11-1510:13:53.377-INFO [AbstractFilterRegistrationBean.java:245]-Mapping filter: 'characterEncodingFilter' to: [/*]
2019-11-1510:13:53.378-INFO [AbstractFilterRegistrationBean.java:245]-Mapping filter: 'hiddenHttpMethodFilter' to: [/*]
2019-11-1510:13:53.383-INFO [AbstractFilterRegistrationBean.java:245]-Mapping filter: 'httpPutFormContentFilter' to: [/*]
2019-11-1510:13:53.384-INFO [AbstractFilterRegistrationBean.java:245]-Mapping filter: 'requestContextFilter' to: [/*]
2019-11-1510:13:57.258-INFO [WelcomePageHandlerMapping.java:61]-Adding welcome page template: index
2019-11-1510:13:58.110-INFO [DocumentationPluginsBootstrapper.java:120]-Context refreshed
2019-11-1510:13:58.228-INFO [DocumentationPluginsBootstrapper.java:123]-Found 1 custom documentation plugin(s)
2019-11-1510:13:58.263-INFO [ApiListingReferenceScanner.java:41]-Scanning for api listing references
2019-11-1510:13:58.852-INFO [CachingOperationNameGenerator.java:40]-Generating unique operation named: findAllIptvConfigUsingPOST_1
2019-11-1510:13:59.062-INFO [CachingOperationNameGenerator.java:40]-Generating unique operation named: listUsingGET_1
2019-11-1510:13:59.064-INFO [CachingOperationNameGenerator.java:40]-Generating unique operation named: listDataUsingGET_1
2019-11-1510:13:59.124-INFO [ScheduledAnnotationBeanPostProcessor.java:295]-No TaskScheduler/ScheduledExecutorService bean found for scheduled processing
2019-11-1510:13:59.136-INFO [DirectJDKLog.java:173]-Starting ProtocolHandler ["http-nio-9999"]
2019-11-1510:13:59.212-INFO [TomcatWebServer.java:206]-Tomcat started on port(s): 9999 (http) with context path ''
2019-11-1510:13:59.216-INFO [StartupInfoLogger.java:59]-Started SunWebApplication in 14.799 seconds (JVM running for 27.071)
2019-11-1510:15:32.379-INFO [DirectJDKLog.java:173]-Initializing Spring DispatcherServlet 'dispatcherServlet'
2019-11-1510:15:32.480-INFO [FrameworkServlet.java:524]-Initializing Servlet 'dispatcherServlet'
2019-11-1510:15:32.903-INFO [FrameworkServlet.java:546]-Completed initialization in 415 ms
2019-11-1510:15:34.233-INFO [HikariDataSource.java:110]-HikariPool-1 - Starting...
2019-11-1510:15:35.045-INFO [HikariDataSource.java:123]-HikariPool-1 - Start completed.
2019-11-1510:56:00.079-INFO [LogTask.java:21]-当前时间=2019-11-15 10:56:00
2019-11-1510:56:01.001-INFO [LogTask.java:21]-当前时间=2019-11-15 10:56:01
2019-11-1510:56:02.001-INFO [LogTask.java:21]-当前时间=2019-11-15 10:56:02
2019-11-1510:56:03.001-INFO [LogTask.java:21]-当前时间=2019-11-15 10:56:03
2019-11-1510:56:04.002-INFO [LogTask.java:21]-当前时间=2019-11-15 10:56:04
2019-11-1510:56:05.001-INFO [LogTask.java:21]-当前时间=2019-11-15 10:56:05
2019-11-1510:56:06.001-INFO [LogTask.java:21]-当前时间=2019-11-15 10:56:06
2019-11-1510:56:07.002-INFO [LogTask.java:21]-当前时间=2019-11-15 10:56:07
2019-11-1510:56:08.002-INFO [LogTask.java:21]-当前时间=2019-11-15 10:56:08
2019-11-1510:56:09.001-INFO [LogTask.java:21]-当前时间=2019-11-15 10:56:09
2019-11-1510:56:10.001-INFO [LogTask.java:21]-当前时间=2019-11-15 10:56:10
2019-11-1510:56:11.002-INFO [LogTask.java:21]-当前时间=2019-11-15 10:56:11
2019-11-1510:56:12.001-INFO [LogTask.java:21]-当前时间=2019-11-15 10:56:12
2019-11-1510:56:13.001-INFO [LogTask.java:21]-当前时间=2019-11-15 10:56:13
2019-11-1510:56:14.002-INFO [LogTask.java:21]-当前时间=2019-11-15 10:56:14
2019-11-1510:56:15.179-INFO [LogTask.java:21]-当前时间=2019-11-15 10:56:15
2019-11-1510:56:16.001-INFO [LogTask.java:21]-当前时间=2019-11-15 10:56:16
2019-11-1510:56:17.001-INFO [LogTask.java:21]-当前时间=2019-11-15 10:56:17
2019-11-1510:56:18.002-INFO [LogTask.java:21]-当前时间=2019-11-15 10:56:18
2019-11-1510:56:19.001-INFO [LogTask.java:21]-当前时间=2019-11-15 10:56:19
2019-11-1510:56:20.001-INFO [LogTask.java:21]-当前时间=2019-11-15 10:56:20
2019-11-1510:56:21.002-INFO [LogTask.java:21]-当前时间=2019-11-15 10:56:21
2019-11-1510:56:22.001-INFO [LogTask.java:21]-当前时间=2019-11-15 10:56:22
2019-11-1510:56:23.001-INFO [LogTask.java:21]-当前时间=2019-11-15 10:56:23
2019-11-1510:56:24.002-INFO [LogTask.java:21]-当前时间=2019-11-15 10:56:24
2019-11-1510:56:25.001-INFO [LogTask.java:21]-当前时间=2019-11-15 10:56:25
2019-11-1510:56:26.098-INFO [LogTask.java:21]-当前时间=2019-11-15 10:56:26
2019-11-1510:56:27.002-INFO [LogTask.java:21]-当前时间=2019-11-15 10:56:27
2019-11-1510:56:28.002-INFO [LogTask.java:21]-当前时间=2019-11-15 10:56:28
2019-11-1510:56:29.002-INFO [LogTask.java:21]-当前时间=2019-11-15 10:56:29
2019-11-1510:56:30.001-INFO [LogTask.java:21]-当前时间=2019-11-15 10:56:30
2019-11-1510:56:31.001-INFO [LogTask.java:21]-当前时间=2019-11-15 10:56:31
2019-11-1510:56:32.002-INFO [LogTask.java:21]-当前时间=2019-11-15 10:56:32
2019-11-1510:56:33.001-INFO [LogTask.java:21]-当前时间=2019-11-15 10:56:33
2019-11-1510:56:34.002-INFO [LogTask.java:21]-当前时间=2019-11-15 10:56:34
2019-11-1510:56:35.001-INFO [LogTask.java:21]-当前时间=2019-11-15 10:56:35
2019-11-1510:56:36.001-INFO [LogTask.java:21]-当前时间=2019-11-15 10:56:36
2019-11-1510:56:37.001-INFO [LogTask.java:21]-当前时间=2019-11-15 10:56:37
2019-11-1510:56:38.002-INFO [LogTask.java:21]-当前时间=2019-11-15 10:56:38
2019-11-1510:56:39.000-INFO [LogTask.java:21]-当前时间=2019-11-15 10:56:39
2019-11-1510:56:40.003-INFO [LogTask.java:21]-当前时间=2019-11-15 10:56:40
2019-11-1510:56:41.002-INFO [LogTask.java:21]-当前时间=2019-11-15 10:56:41
2019-11-1510:56:42.001-INFO [LogTask.java:21]-当前时间=2019-11-15 10:56:42
2019-11-1510:56:43.001-INFO [LogTask.java:21]-当前时间=2019-11-15 10:56:43
2019-11-1510:56:44.002-INFO [LogTask.java:21]-当前时间=2019-11-15 10:56:44
2019-11-1510:56:45.001-INFO [LogTask.java:21]-当前时间=2019-11-15 10:56:45
2019-11-1510:56:46.002-INFO [LogTask.java:21]-当前时间=2019-11-15 10:56:46
2019-11-1510:56:47.001-INFO [LogTask.java:21]-当前时间=2019-11-15 10:56:47
2019-11-1510:56:48.000-INFO [LogTask.java:21]-当前时间=2019-11-15 10:56:48
2019-11-1510:56:49.002-INFO [LogTask.java:21]-当前时间=2019-11-15 10:56:49
2019-11-1510:56:50.001-INFO [LogTask.java:21]-当前时间=2019-11-15 10:56:50
2019-11-1510:56:51.002-INFO [LogTask.java:21]-当前时间=2019-11-15 10:56:51
2019-11-1510:56:52.002-INFO [LogTask.java:21]-当前时间=2019-11-15 10:56:52
2019-11-1510:56:53.001-INFO [LogTask.java:21]-当前时间=2019-11-15 10:56:53
2019-11-1510:56:54.001-INFO [LogTask.java:21]-当前时间=2019-11-15 10:56:54
2019-11-1510:56:55.002-INFO [LogTask.java:21]-当前时间=2019-11-15 10:56:55
2019-11-1510:56:56.001-INFO [LogTask.java:21]-当前时间=2019-11-15 10:56:56
2019-11-1510:56:57.002-INFO [LogTask.java:21]-当前时间=2019-11-15 10:56:57
2019-11-1510:56:58.001-INFO [LogTask.java:21]-当前时间=2019-11-15 10:56:58
2019-11-1510:56:59.001-INFO [LogTask.java:21]-当前时间=2019-11-15 10:56:59
2019-11-1511:12:11.275-INFO [StartupInfoLogger.java:50]-Starting SunWebApplication on DESKTOP-6B5D8GA with PID 207228 (started by DELL in F:\代码模板\java_template)
2019-11-1511:12:11.297-INFO [SpringApplication.java:666]-The following profiles are active: dev
2019-11-1511:12:16.009-INFO [RepositoryConfigurationDelegate.java:244]-Multiple Spring Data modules found, entering strict repository configuration mode!
2019-11-1511:12:16.016-INFO [RepositoryConfigurationDelegate.java:126]-Bootstrapping Spring Data repositories in DEFAULT mode.
2019-11-1511:12:16.092-INFO [RepositoryConfigurationDelegate.java:182]-Finished Spring Data repository scanning in 56ms. Found 0 repository interfaces.
2019-11-1511:12:16.786-INFO [PostProcessorRegistrationDelegate.java:330]-Bean 'redisConfig' of type [com.sun.web.config.RedisConfig$$EnhancerBySpringCGLIB$$cca9cc04] is not eligible for getting processed by all BeanPostProcessors (for example: not eligible for auto-proxying)
2019-11-1511:12:16.794-INFO [PostProcessorRegistrationDelegate.java:330]-Bean 'org.springframework.transaction.annotation.ProxyTransactionManagementConfiguration' of type [org.springframework.transaction.annotation.ProxyTransactionManagementConfiguration$$EnhancerBySpringCGLIB$$36dbe445] is not eligible for getting processed by all BeanPostProcessors (for example: not eligible for auto-proxying)
2019-11-1511:12:18.122-INFO [TomcatWebServer.java:91]-Tomcat initialized with port(s): 9999 (http)
2019-11-1511:12:18.146-INFO [DirectJDKLog.java:173]-Initializing ProtocolHandler ["http-nio-9999"]
2019-11-1511:12:18.285-INFO [DirectJDKLog.java:173]-Starting service [Tomcat]
2019-11-1511:12:18.287-INFO [DirectJDKLog.java:173]-Starting Servlet engine: [Apache Tomcat/9.0.19]
2019-11-1511:12:18.307-INFO [DirectJDKLog.java:173]-The APR based Apache Tomcat Native library which allows optimal performance in production environments was not found on the java.library.path: [C:\Program Files\Java\jdk1.8.0_101\bin;C:\WINDOWS\Sun\Java\bin;C:\WINDOWS\system32;C:\WINDOWS;D:\util\xshell6\;C:\ProgramData\Oracle\Java\javapath;C:\Program Files (x86)\Intel\iCLS Client\;C:\Program Files\Intel\iCLS Client\;C:\Windows\system32;C:\Windows;C:\Windows\System32\Wbem;C:\Windows\System32\WindowsPowerShell\v1.0\;C:\Program Files (x86)\Intel\Intel(R) Management Engine Components\DAL;C:\Program Files\Intel\Intel(R) Management Engine Components\DAL;C:\Program Files (x86)\Intel\Intel(R) Management Engine Components\IPT;C:\Program Files\Intel\Intel(R) Management Engine Components\IPT;C:\Program Files\Java\jdk1.8.0_101\bin;C:\Program Files\Java\jdk1.8.0_101\jre\bin;D:\apache-maven-3.5.4\bin;C:\WINDOWS\system32;C:\WINDOWS;C:\WINDOWS\System32\Wbem;C:\WINDOWS\System32\WindowsPowerShell\v1.0\;C:\WINDOWS\System32\OpenSSH\;D:\work\git\Git\cmd;D:\util\TorGit\bin;D:\Python;D:\util\TorSvn\bin;C:\Users\DELL\AppData\Local\Microsoft\WindowsApps;;C:\Users\DELL\AppData\Local\Microsoft\WindowsApps;D:\util\WebStorm 2019.2.2\bin;;.]
2019-11-1511:12:19.711-INFO [DirectJDKLog.java:173]-Initializing Spring embedded WebApplicationContext
2019-11-1511:12:19.712-INFO [ServletWebServerApplicationContext.java:285]-Root WebApplicationContext: initialization completed in 8218 ms
2019-11-1511:12:19.807-INFO [ServletRegistrationBean.java:187]-Servlet dispatcherServlet mapped to [/]
2019-11-1511:12:19.814-INFO [AbstractFilterRegistrationBean.java:245]-Mapping filter: 'characterEncodingFilter' to: [/*]
2019-11-1511:12:19.815-INFO [AbstractFilterRegistrationBean.java:245]-Mapping filter: 'hiddenHttpMethodFilter' to: [/*]
2019-11-1511:12:19.815-INFO [AbstractFilterRegistrationBean.java:245]-Mapping filter: 'httpPutFormContentFilter' to: [/*]
2019-11-1511:12:19.815-INFO [AbstractFilterRegistrationBean.java:245]-Mapping filter: 'requestContextFilter' to: [/*]
2019-11-1511:12:25.118-INFO [WelcomePageHandlerMapping.java:61]-Adding welcome page template: index
2019-11-1511:12:26.017-INFO [DocumentationPluginsBootstrapper.java:120]-Context refreshed
2019-11-1511:12:26.067-INFO [DocumentationPluginsBootstrapper.java:123]-Found 1 custom documentation plugin(s)
2019-11-1511:12:26.081-INFO [ApiListingReferenceScanner.java:41]-Scanning for api listing references
2019-11-1511:12:26.438-INFO [CachingOperationNameGenerator.java:40]-Generating unique operation named: findAllIptvConfigUsingPOST_1
2019-11-1511:12:26.536-INFO [CachingOperationNameGenerator.java:40]-Generating unique operation named: listUsingGET_1
2019-11-1511:12:26.537-INFO [CachingOperationNameGenerator.java:40]-Generating unique operation named: listDataUsingGET_1
2019-11-1511:12:26.580-INFO [ScheduledAnnotationBeanPostProcessor.java:295]-No TaskScheduler/ScheduledExecutorService bean found for scheduled processing
2019-11-1511:12:26.590-INFO [DirectJDKLog.java:173]-Starting ProtocolHandler ["http-nio-9999"]
2019-11-1511:12:26.680-INFO [TomcatWebServer.java:206]-Tomcat started on port(s): 9999 (http) with context path ''
2019-11-1511:12:26.692-INFO [StartupInfoLogger.java:59]-Started SunWebApplication in 17.692 seconds (JVM running for 28.629)
