2020-01-1510:56:00.007-INFO [LogTask.java:21]-当前时间=2020-01-15 10:56:00
2020-01-1510:56:01.002-INFO [LogTask.java:21]-当前时间=2020-01-15 10:56:01
2020-01-1510:56:02.002-INFO [LogTask.java:21]-当前时间=2020-01-15 10:56:02
2020-01-1510:56:03.001-INFO [LogTask.java:21]-当前时间=2020-01-15 10:56:03
2020-01-1510:56:04.002-INFO [LogTask.java:21]-当前时间=2020-01-15 10:56:04
2020-01-1510:56:05.001-INFO [LogTask.java:21]-当前时间=2020-01-15 10:56:05
2020-01-1510:56:06.003-INFO [LogTask.java:21]-当前时间=2020-01-15 10:56:06
2020-01-1510:56:07.000-INFO [LogTask.java:21]-当前时间=2020-01-15 10:56:07
2020-01-1510:56:08.002-INFO [LogTask.java:21]-当前时间=2020-01-15 10:56:08
2020-01-1510:56:09.000-INFO [LogTask.java:21]-当前时间=2020-01-15 10:56:09
2020-01-1510:56:10.002-INFO [LogTask.java:21]-当前时间=2020-01-15 10:56:10
2020-01-1510:56:11.001-INFO [LogTask.java:21]-当前时间=2020-01-15 10:56:11
2020-01-1510:56:12.001-INFO [LogTask.java:21]-当前时间=2020-01-15 10:56:12
2020-01-1510:56:13.002-INFO [LogTask.java:21]-当前时间=2020-01-15 10:56:13
2020-01-1510:56:14.001-INFO [LogTask.java:21]-当前时间=2020-01-15 10:56:14
2020-01-1510:56:15.005-INFO [LogTask.java:21]-当前时间=2020-01-15 10:56:15
2020-01-1510:56:16.001-INFO [LogTask.java:21]-当前时间=2020-01-15 10:56:16
2020-01-1510:56:17.002-INFO [LogTask.java:21]-当前时间=2020-01-15 10:56:17
2020-01-1510:56:18.001-INFO [LogTask.java:21]-当前时间=2020-01-15 10:56:18
2020-01-1510:56:19.001-INFO [LogTask.java:21]-当前时间=2020-01-15 10:56:19
2020-01-1510:56:20.001-INFO [LogTask.java:21]-当前时间=2020-01-15 10:56:20
2020-01-1510:56:21.001-INFO [LogTask.java:21]-当前时间=2020-01-15 10:56:21
2020-01-1510:56:22.001-INFO [LogTask.java:21]-当前时间=2020-01-15 10:56:22
2020-01-1510:56:23.002-INFO [LogTask.java:21]-当前时间=2020-01-15 10:56:23
2020-01-1510:56:24.000-INFO [LogTask.java:21]-当前时间=2020-01-15 10:56:24
2020-01-1510:56:25.001-INFO [LogTask.java:21]-当前时间=2020-01-15 10:56:25
2020-01-1510:56:26.000-INFO [LogTask.java:21]-当前时间=2020-01-15 10:56:26
2020-01-1510:56:27.002-INFO [LogTask.java:21]-当前时间=2020-01-15 10:56:27
2020-01-1510:56:28.001-INFO [LogTask.java:21]-当前时间=2020-01-15 10:56:28
2020-01-1510:56:29.001-INFO [LogTask.java:21]-当前时间=2020-01-15 10:56:29
2020-01-1510:56:30.002-INFO [LogTask.java:21]-当前时间=2020-01-15 10:56:30
2020-01-1510:56:31.001-INFO [LogTask.java:21]-当前时间=2020-01-15 10:56:31
2020-01-1510:56:32.001-INFO [LogTask.java:21]-当前时间=2020-01-15 10:56:32
2020-01-1510:56:33.002-INFO [LogTask.java:21]-当前时间=2020-01-15 10:56:33
2020-01-1510:56:34.002-INFO [LogTask.java:21]-当前时间=2020-01-15 10:56:34
2020-01-1510:56:35.001-INFO [LogTask.java:21]-当前时间=2020-01-15 10:56:35
2020-01-1510:56:36.001-INFO [LogTask.java:21]-当前时间=2020-01-15 10:56:36
2020-01-1510:56:37.001-INFO [LogTask.java:21]-当前时间=2020-01-15 10:56:37
2020-01-1510:56:38.002-INFO [LogTask.java:21]-当前时间=2020-01-15 10:56:38
2020-01-1510:56:39.002-INFO [LogTask.java:21]-当前时间=2020-01-15 10:56:39
2020-01-1510:56:40.000-INFO [LogTask.java:21]-当前时间=2020-01-15 10:56:40
2020-01-1510:56:41.001-INFO [LogTask.java:21]-当前时间=2020-01-15 10:56:41
2020-01-1510:56:42.001-INFO [LogTask.java:21]-当前时间=2020-01-15 10:56:42
2020-01-1510:56:43.000-INFO [LogTask.java:21]-当前时间=2020-01-15 10:56:43
2020-01-1510:56:44.001-INFO [LogTask.java:21]-当前时间=2020-01-15 10:56:44
2020-01-1510:56:45.002-INFO [LogTask.java:21]-当前时间=2020-01-15 10:56:45
2020-01-1510:56:46.001-INFO [LogTask.java:21]-当前时间=2020-01-15 10:56:46
2020-01-1510:56:47.001-INFO [LogTask.java:21]-当前时间=2020-01-15 10:56:47
2020-01-1510:56:48.001-INFO [LogTask.java:21]-当前时间=2020-01-15 10:56:48
2020-01-1510:56:49.002-INFO [LogTask.java:21]-当前时间=2020-01-15 10:56:49
2020-01-1510:56:50.000-INFO [LogTask.java:21]-当前时间=2020-01-15 10:56:50
2020-01-1510:56:51.001-INFO [LogTask.java:21]-当前时间=2020-01-15 10:56:51
2020-01-1510:56:52.002-INFO [LogTask.java:21]-当前时间=2020-01-15 10:56:52
2020-01-1510:56:53.001-INFO [LogTask.java:21]-当前时间=2020-01-15 10:56:53
2020-01-1510:56:54.002-INFO [LogTask.java:21]-当前时间=2020-01-15 10:56:54
2020-01-1510:56:55.002-INFO [LogTask.java:21]-当前时间=2020-01-15 10:56:55
2020-01-1510:56:56.002-INFO [LogTask.java:21]-当前时间=2020-01-15 10:56:56
2020-01-1510:56:57.001-INFO [LogTask.java:21]-当前时间=2020-01-15 10:56:57
2020-01-1510:56:58.002-INFO [LogTask.java:21]-当前时间=2020-01-15 10:56:58
2020-01-1510:56:59.001-INFO [LogTask.java:21]-当前时间=2020-01-15 10:56:59
2020-01-1515:22:58.151-INFO [StartupInfoLogger.java:50]-Starting SunWebApplication on DESKTOP-6B5D8GA with PID 37680 (started by DELL in F:\代码模板\java_template)
2020-01-1515:22:58.154-INFO [SpringApplication.java:666]-The following profiles are active: dev
2020-01-1515:22:59.204-INFO [RepositoryConfigurationDelegate.java:244]-Multiple Spring Data modules found, entering strict repository configuration mode!
2020-01-1515:22:59.207-INFO [RepositoryConfigurationDelegate.java:126]-Bootstrapping Spring Data repositories in DEFAULT mode.
2020-01-1515:22:59.310-INFO [RepositoryConfigurationDelegate.java:182]-Finished Spring Data repository scanning in 96ms. Found 2 repository interfaces.
2020-01-1515:22:59.338-INFO [RepositoryConfigurationDelegate.java:244]-Multiple Spring Data modules found, entering strict repository configuration mode!
2020-01-1515:22:59.341-INFO [RepositoryConfigurationDelegate.java:126]-Bootstrapping Spring Data repositories in DEFAULT mode.
2020-01-1515:22:59.387-INFO [RepositoryConfigurationExtensionSupport.java:363]-Spring Data Redis - Could not safely identify store assignment for repository candidate interface com.sun.web.elasticsearch.MvElasticsearchRepository.
2020-01-1515:22:59.388-INFO [RepositoryConfigurationExtensionSupport.java:363]-Spring Data Redis - Could not safely identify store assignment for repository candidate interface com.sun.web.elasticsearch.UserESRepository.
2020-01-1515:22:59.388-INFO [RepositoryConfigurationDelegate.java:182]-Finished Spring Data repository scanning in 27ms. Found 0 repository interfaces.
2020-01-1515:22:59.980-INFO [PostProcessorRegistrationDelegate.java:330]-Bean 'redisConfig' of type [com.sun.web.config.RedisConfig$$EnhancerBySpringCGLIB$$7558ae8c] is not eligible for getting processed by all BeanPostProcessors (for example: not eligible for auto-proxying)
2020-01-1515:23:00.006-INFO [PostProcessorRegistrationDelegate.java:330]-Bean 'org.springframework.transaction.annotation.ProxyTransactionManagementConfiguration' of type [org.springframework.transaction.annotation.ProxyTransactionManagementConfiguration$$EnhancerBySpringCGLIB$$df8ac6cd] is not eligible for getting processed by all BeanPostProcessors (for example: not eligible for auto-proxying)
2020-01-1515:23:00.381-INFO [TomcatWebServer.java:91]-Tomcat initialized with port(s): 9999 (http)
2020-01-1515:23:00.399-INFO [DirectJDKLog.java:173]-Initializing ProtocolHandler ["http-nio-9999"]
2020-01-1515:23:00.411-INFO [DirectJDKLog.java:173]-Starting service [Tomcat]
2020-01-1515:23:00.412-INFO [DirectJDKLog.java:173]-Starting Servlet engine: [Apache Tomcat/9.0.19]
2020-01-1515:23:00.417-INFO [DirectJDKLog.java:173]-The APR based Apache Tomcat Native library which allows optimal performance in production environments was not found on the java.library.path: [C:\Program Files\Java\jdk1.8.0_101\bin;C:\WINDOWS\Sun\Java\bin;C:\WINDOWS\system32;C:\WINDOWS;D:\util\xshell6\;C:\ProgramData\Oracle\Java\javapath;C:\Program Files (x86)\Intel\iCLS Client\;C:\Program Files\Intel\iCLS Client\;C:\Windows\system32;C:\Windows;C:\Windows\System32\Wbem;C:\Windows\System32\WindowsPowerShell\v1.0\;C:\Program Files (x86)\Intel\Intel(R) Management Engine Components\DAL;C:\Program Files\Intel\Intel(R) Management Engine Components\DAL;C:\Program Files (x86)\Intel\Intel(R) Management Engine Components\IPT;C:\Program Files\Intel\Intel(R) Management Engine Components\IPT;C:\Program Files\Java\jdk1.8.0_101\bin;C:\Program Files\Java\jdk1.8.0_101\jre\bin;D:\apache-maven-3.5.4\bin;C:\WINDOWS\system32;C:\WINDOWS;C:\WINDOWS\System32\Wbem;C:\WINDOWS\System32\WindowsPowerShell\v1.0\;C:\WINDOWS\System32\OpenSSH\;D:\work\git\Git\cmd;D:\util\TorGit\bin;D:\Python;D:\util\TorSvn\bin;D:\util\nodejs\node_global;D:\util\nodejs\;C:\Users\DELL\AppData\Local\Microsoft\WindowsApps;C:\Users\DELL\AppData\Local\Microsoft\WindowsApps;D:\util\WebStorm 2019.2.2\bin;D:\util\nodejs\node_global;;.]
2020-01-1515:23:00.529-INFO [DirectJDKLog.java:173]-Initializing Spring embedded WebApplicationContext
2020-01-1515:23:00.529-INFO [ServletWebServerApplicationContext.java:285]-Root WebApplicationContext: initialization completed in 2326 ms
2020-01-1515:23:00.564-INFO [ServletRegistrationBean.java:187]-Servlet dispatcherServlet mapped to [/]
2020-01-1515:23:00.567-INFO [AbstractFilterRegistrationBean.java:245]-Mapping filter: 'characterEncodingFilter' to: [/*]
2020-01-1515:23:00.568-INFO [AbstractFilterRegistrationBean.java:245]-Mapping filter: 'hiddenHttpMethodFilter' to: [/*]
2020-01-1515:23:00.568-INFO [AbstractFilterRegistrationBean.java:245]-Mapping filter: 'httpPutFormContentFilter' to: [/*]
2020-01-1515:23:00.568-INFO [AbstractFilterRegistrationBean.java:245]-Mapping filter: 'requestContextFilter' to: [/*]
2020-01-1515:23:01.118-INFO [PluginsService.java:190]-no modules loaded
2020-01-1515:23:01.118-INFO [PluginsService.java:193]-loaded plugin [org.elasticsearch.index.reindex.ReindexPlugin]
2020-01-1515:23:01.119-INFO [PluginsService.java:193]-loaded plugin [org.elasticsearch.join.ParentJoinPlugin]
2020-01-1515:23:01.119-INFO [PluginsService.java:193]-loaded plugin [org.elasticsearch.percolator.PercolatorPlugin]
2020-01-1515:23:01.119-INFO [PluginsService.java:193]-loaded plugin [org.elasticsearch.script.mustache.MustachePlugin]
2020-01-1515:23:01.119-INFO [PluginsService.java:193]-loaded plugin [org.elasticsearch.transport.Netty4Plugin]
2020-01-1515:23:01.961-INFO [TransportClientFactoryBean.java:88]-Adding transport node : 127.0.0.1:9300
2020-01-1515:23:04.754-INFO [DirectJDKLog.java:173]-Stopping service [Tomcat]
2020-01-1515:23:04.762-INFO [ConditionEvaluationReportLoggingListener.java:101]-

Error starting ApplicationContext. To display the conditions report re-run your application with 'debug' enabled.
2020-01-1515:25:15.090-INFO [StartupInfoLogger.java:50]-Starting SunWebApplication on DESKTOP-6B5D8GA with PID 23332 (started by DELL in F:\代码模板\java_template)
2020-01-1515:25:15.093-INFO [SpringApplication.java:666]-The following profiles are active: dev
2020-01-1515:25:15.900-INFO [RepositoryConfigurationDelegate.java:244]-Multiple Spring Data modules found, entering strict repository configuration mode!
2020-01-1515:25:15.901-INFO [RepositoryConfigurationDelegate.java:126]-Bootstrapping Spring Data repositories in DEFAULT mode.
2020-01-1515:25:15.951-INFO [RepositoryConfigurationDelegate.java:182]-Finished Spring Data repository scanning in 46ms. Found 2 repository interfaces.
2020-01-1515:25:15.959-INFO [RepositoryConfigurationDelegate.java:244]-Multiple Spring Data modules found, entering strict repository configuration mode!
2020-01-1515:25:15.960-INFO [RepositoryConfigurationDelegate.java:126]-Bootstrapping Spring Data repositories in DEFAULT mode.
2020-01-1515:25:15.976-INFO [RepositoryConfigurationExtensionSupport.java:363]-Spring Data Redis - Could not safely identify store assignment for repository candidate interface com.sun.web.elasticsearch.MvElasticsearchRepository.
2020-01-1515:25:15.977-INFO [RepositoryConfigurationExtensionSupport.java:363]-Spring Data Redis - Could not safely identify store assignment for repository candidate interface com.sun.web.elasticsearch.UserESRepository.
2020-01-1515:25:15.977-INFO [RepositoryConfigurationDelegate.java:182]-Finished Spring Data repository scanning in 9ms. Found 0 repository interfaces.
2020-01-1515:25:16.316-INFO [PostProcessorRegistrationDelegate.java:330]-Bean 'redisConfig' of type [com.sun.web.config.RedisConfig$$EnhancerBySpringCGLIB$$14955b34] is not eligible for getting processed by all BeanPostProcessors (for example: not eligible for auto-proxying)
2020-01-1515:25:16.326-INFO [PostProcessorRegistrationDelegate.java:330]-Bean 'org.springframework.transaction.annotation.ProxyTransactionManagementConfiguration' of type [org.springframework.transaction.annotation.ProxyTransactionManagementConfiguration$$EnhancerBySpringCGLIB$$7ec77375] is not eligible for getting processed by all BeanPostProcessors (for example: not eligible for auto-proxying)
2020-01-1515:25:16.671-INFO [TomcatWebServer.java:91]-Tomcat initialized with port(s): 9999 (http)
2020-01-1515:25:16.690-INFO [DirectJDKLog.java:173]-Initializing ProtocolHandler ["http-nio-9999"]
2020-01-1515:25:16.700-INFO [DirectJDKLog.java:173]-Starting service [Tomcat]
2020-01-1515:25:16.701-INFO [DirectJDKLog.java:173]-Starting Servlet engine: [Apache Tomcat/9.0.19]
2020-01-1515:25:16.706-INFO [DirectJDKLog.java:173]-The APR based Apache Tomcat Native library which allows optimal performance in production environments was not found on the java.library.path: [C:\Program Files\Java\jdk1.8.0_101\bin;C:\WINDOWS\Sun\Java\bin;C:\WINDOWS\system32;C:\WINDOWS;D:\util\xshell6\;C:\ProgramData\Oracle\Java\javapath;C:\Program Files (x86)\Intel\iCLS Client\;C:\Program Files\Intel\iCLS Client\;C:\Windows\system32;C:\Windows;C:\Windows\System32\Wbem;C:\Windows\System32\WindowsPowerShell\v1.0\;C:\Program Files (x86)\Intel\Intel(R) Management Engine Components\DAL;C:\Program Files\Intel\Intel(R) Management Engine Components\DAL;C:\Program Files (x86)\Intel\Intel(R) Management Engine Components\IPT;C:\Program Files\Intel\Intel(R) Management Engine Components\IPT;C:\Program Files\Java\jdk1.8.0_101\bin;C:\Program Files\Java\jdk1.8.0_101\jre\bin;D:\apache-maven-3.5.4\bin;C:\WINDOWS\system32;C:\WINDOWS;C:\WINDOWS\System32\Wbem;C:\WINDOWS\System32\WindowsPowerShell\v1.0\;C:\WINDOWS\System32\OpenSSH\;D:\work\git\Git\cmd;D:\util\TorGit\bin;D:\Python;D:\util\TorSvn\bin;D:\util\nodejs\node_global;D:\util\nodejs\;C:\Users\DELL\AppData\Local\Microsoft\WindowsApps;C:\Users\DELL\AppData\Local\Microsoft\WindowsApps;D:\util\WebStorm 2019.2.2\bin;D:\util\nodejs\node_global;;.]
2020-01-1515:25:16.815-INFO [DirectJDKLog.java:173]-Initializing Spring embedded WebApplicationContext
2020-01-1515:25:16.816-INFO [ServletWebServerApplicationContext.java:285]-Root WebApplicationContext: initialization completed in 1667 ms
2020-01-1515:25:16.842-INFO [ServletRegistrationBean.java:187]-Servlet dispatcherServlet mapped to [/]
2020-01-1515:25:16.846-INFO [AbstractFilterRegistrationBean.java:245]-Mapping filter: 'characterEncodingFilter' to: [/*]
2020-01-1515:25:16.846-INFO [AbstractFilterRegistrationBean.java:245]-Mapping filter: 'hiddenHttpMethodFilter' to: [/*]
2020-01-1515:25:16.847-INFO [AbstractFilterRegistrationBean.java:245]-Mapping filter: 'httpPutFormContentFilter' to: [/*]
2020-01-1515:25:16.847-INFO [AbstractFilterRegistrationBean.java:245]-Mapping filter: 'requestContextFilter' to: [/*]
2020-01-1515:25:17.382-INFO [PluginsService.java:190]-no modules loaded
2020-01-1515:25:17.383-INFO [PluginsService.java:193]-loaded plugin [org.elasticsearch.index.reindex.ReindexPlugin]
2020-01-1515:25:17.383-INFO [PluginsService.java:193]-loaded plugin [org.elasticsearch.join.ParentJoinPlugin]
2020-01-1515:25:17.384-INFO [PluginsService.java:193]-loaded plugin [org.elasticsearch.percolator.PercolatorPlugin]
2020-01-1515:25:17.384-INFO [PluginsService.java:193]-loaded plugin [org.elasticsearch.script.mustache.MustachePlugin]
2020-01-1515:25:17.384-INFO [PluginsService.java:193]-loaded plugin [org.elasticsearch.transport.Netty4Plugin]
2020-01-1515:25:18.015-INFO [TransportClientFactoryBean.java:88]-Adding transport node : 127.0.0.1:9300
2020-01-1515:25:19.106-INFO [WelcomePageHandlerMapping.java:61]-Adding welcome page template: index
2020-01-1515:25:19.279-INFO [DocumentationPluginsBootstrapper.java:120]-Context refreshed
2020-01-1515:25:19.290-INFO [DocumentationPluginsBootstrapper.java:123]-Found 1 custom documentation plugin(s)
2020-01-1515:25:19.299-INFO [ApiListingReferenceScanner.java:41]-Scanning for api listing references
2020-01-1515:25:19.425-INFO [CachingOperationNameGenerator.java:40]-Generating unique operation named: findAllIptvConfigUsingPOST_1
2020-01-1515:25:19.479-INFO [CachingOperationNameGenerator.java:40]-Generating unique operation named: listUsingGET_1
2020-01-1515:25:19.480-INFO [CachingOperationNameGenerator.java:40]-Generating unique operation named: listDataUsingGET_1
2020-01-1515:25:19.489-INFO [CachingOperationNameGenerator.java:40]-Generating unique operation named: createUsingGET_1
2020-01-1515:25:19.490-INFO [CachingOperationNameGenerator.java:40]-Generating unique operation named: getUsingGET_1
2020-01-1515:25:19.491-INFO [CachingOperationNameGenerator.java:40]-Generating unique operation named: searchUsingGET_1
2020-01-1515:25:19.504-INFO [ScheduledAnnotationBeanPostProcessor.java:295]-No TaskScheduler/ScheduledExecutorService bean found for scheduled processing
2020-01-1515:25:19.510-INFO [DirectJDKLog.java:173]-Starting ProtocolHandler ["http-nio-9999"]
2020-01-1515:25:19.522-INFO [TomcatWebServer.java:206]-Tomcat started on port(s): 9999 (http) with context path ''
2020-01-1515:25:19.523-INFO [StartupInfoLogger.java:59]-Started SunWebApplication in 4.863 seconds (JVM running for 5.435)
2020-01-1515:25:42.273-INFO [DirectJDKLog.java:173]-Initializing Spring DispatcherServlet 'dispatcherServlet'
2020-01-1515:25:42.273-INFO [FrameworkServlet.java:524]-Initializing Servlet 'dispatcherServlet'
2020-01-1515:25:42.280-INFO [FrameworkServlet.java:546]-Completed initialization in 7 ms
